This file contains any messages produced by compilers while
running configure, to aid debugging if configure makes a mistake.

It was created by IBAMR configure 171104, which was
generated by GNU Autoconf 2.69.  Invocation command line was

  $ ./configure 

## --------- ##
## Platform. ##
## --------- ##

hostname = Amins-MacBook-Pro.local
uname -m = x86_64
uname -r = 20.6.0
uname -s = Darwin
uname -v = Darwin Kernel Version 20.6.0: Wed Jun 23 00:26:31 PDT 2021; root:xnu-7195.141.2~5/RELEASE_X86_64

/usr/bin/uname -p = i386
/bin/uname -X     = unknown

/bin/arch              = unknown
/usr/bin/arch -k       = unknown
/usr/convex/getsysinfo = unknown
/usr/bin/hostinfo      = Mach kernel version:
	 Darwin Kernel Version 20.6.0: Wed Jun 23 00:26:31 PDT 2021; root:xnu-7195.141.2~5/RELEASE_X86_64
Kernel configured for up to 4 processors.
2 processors are physically available.
4 processors are logically available.
Processor type: x86_64h (Intel x86-64h Haswell)
Processors active: 0 1 2 3
Primary memory available: 16.00 gigabytes
Default processor set: 548 tasks, 2192 threads, 4 processors
Load average: 2.21, Mach factor: 1.78
/bin/machine           = unknown
/usr/bin/oslevel       = unknown
/bin/universe          = unknown

PATH: pathTo/yhaplo
PATH: /usr/local/bin
PATH: /usr/local/bin
PATH: /usr/bin
PATH: /bin
PATH: /usr/sbin
PATH: /sbin
PATH: /opt/local/bin
PATH: /Library/TeX/texbin
PATH: /opt/X11/bin
PATH: /Library/Apple/usr/bin
PATH: /usr/local/Cellar/mpich/3.3.1/bin/
PATH: /Applications/Slicer.app/Contents/bin


## ----------- ##
## Core tests. ##
## ----------- ##

configure:2752: checking for a BSD-compatible install
configure:2820: result: /usr/bin/install -c
configure:2831: checking whether build environment is sane
configure:2886: result: yes
configure:3037: checking for a thread-safe mkdir -p
configure:3076: result: config/install-sh -c -d
configure:3083: checking for gawk
configure:3099: found /usr/local/bin/gawk
configure:3110: result: gawk
configure:3121: checking whether make sets $(MAKE)
configure:3143: result: yes
configure:3172: checking whether make supports nested variables
configure:3189: result: yes
configure:3326: checking whether make supports nested variables
configure:3343: result: yes
configure:3355: checking whether to enable maintainer-specific portions of Makefiles
configure:3364: result: no
configure:3388: checking whether make supports the include directive
configure:3403: make -f confmf.GNU && cat confinc.out
this is the am__doit target
configure:3406: $? = 0
configure:3425: result: yes (GNU style)
configure:3505: checking for g++
configure:3521: found /usr/bin/g++
configure:3532: result: g++
configure:3559: checking for C++ compiler version
configure:3568: g++ --version >&5
Apple clang version 12.0.5 (clang-1205.0.22.11)
Target: x86_64-apple-darwin20.6.0
Thread model: posix
InstalledDir: /Applications/Xcode.app/Contents/Developer/Toolchains/XcodeDefault.xctoolchain/usr/bin
Configured with: --prefix=/Applications/Xcode.app/Contents/Developer/usr --with-gxx-include-dir=/Applications/Xcode.app/Contents/Developer/Platforms/MacOSX.platform/Developer/SDKs/MacOSX.sdk/usr/include/c++/4.2.1
configure:3579: $? = 0
configure:3568: g++ -v >&5
Configured with: --prefix=/Applications/Xcode.app/Contents/Developer/usr --with-gxx-include-dir=/Applications/Xcode.app/Contents/Developer/Platforms/MacOSX.platform/Developer/SDKs/MacOSX.sdk/usr/include/c++/4.2.1
Apple clang version 12.0.5 (clang-1205.0.22.11)
Target: x86_64-apple-darwin20.6.0
Thread model: posix
InstalledDir: /Applications/Xcode.app/Contents/Developer/Toolchains/XcodeDefault.xctoolchain/usr/bin
configure:3579: $? = 0
configure:3568: g++ -V >&5
clang: error: argument to '-V' is missing (expected 1 value)
clang: error: no input files
configure:3579: $? = 1
configure:3568: g++ -qversion >&5
clang: error: unknown argument '-qversion'; did you mean '--version'?
clang: error: no input files
configure:3579: $? = 1
configure:3599: checking whether the C++ compiler works
configure:3621: g++    conftest.cpp  >&5
configure:3625: $? = 0
configure:3673: result: yes
configure:3676: checking for C++ compiler default output file name
configure:3678: result: a.out
configure:3684: checking for suffix of executables
configure:3691: g++ -o conftest    conftest.cpp  >&5
configure:3695: $? = 0
configure:3717: result: 
configure:3739: checking whether we are cross compiling
configure:3747: g++ -o conftest    conftest.cpp  >&5
configure:3751: $? = 0
configure:3758: ./conftest
configure:3762: $? = 0
configure:3777: result: no
configure:3782: checking for suffix of object files
configure:3804: g++ -c   conftest.cpp >&5
configure:3808: $? = 0
configure:3829: result: o
configure:3833: checking whether we are using the GNU C++ compiler
configure:3852: g++ -c   conftest.cpp >&5
configure:3852: $? = 0
configure:3861: result: yes
configure:3870: checking whether g++ accepts -g
configure:3890: g++ -c -g  conftest.cpp >&5
configure:3890: $? = 0
configure:3931: result: yes
configure:3956: checking dependency style of g++
configure:4067: result: gcc3
configure:4090: checking whether g++ supports C++11 features by default
configure:4126: g++ -c -g -O2  conftest.cpp >&5
conftest.cpp:15:21: error: expected parameter declarator
      static_assert(sizeof(int) <= sizeof(T), "not big enough");
                    ^
conftest.cpp:15:21: error: expected ')'
conftest.cpp:15:20: note: to match this '('
      static_assert(sizeof(int) <= sizeof(T), "not big enough");
                   ^
conftest.cpp:15:7: error: C++ requires a type specifier for all declarations
      static_assert(sizeof(int) <= sizeof(T), "not big enough");
      ^
conftest.cpp:18:29: error: a space is required between consecutive right angle brackets (use '> >')
    typedef check<check<bool>> right_angle_brackets;
                            ^~
                            > >
conftest.cpp:21:5: error: unknown type name 'decltype'
    decltype(a) b;
    ^
conftest.cpp:21:16: error: expected ';' after top level declarator
    decltype(a) b;
               ^
               ;
conftest.cpp:25:15: warning: rvalue references are a C++11 extension [-Wc++11-extensions]
    check_type&& cr = static_cast<check_type&&>(c);
              ^
conftest.cpp:25:45: warning: rvalue references are a C++11 extension [-Wc++11-extensions]
    check_type&& cr = static_cast<check_type&&>(c);
                                            ^
conftest.cpp:27:5: warning: 'auto' type specifier is a C++11 extension [-Wc++11-extensions]
    auto d = a;
    ^
conftest.cpp:28:5: warning: 'auto' type specifier is a C++11 extension [-Wc++11-extensions]
    auto l = [](){};
    ^
conftest.cpp:28:14: error: expected expression
    auto l = [](){};
             ^
conftest.cpp:33:5: error: unknown type name 'constexpr'
    constexpr int multiply (int x, int y) { return x * y; }
    ^
conftest.cpp:37:21: warning: alias declarations are a C++11 extension [-Wc++11-extensions]
    using MyCheck = check<T>;
                    ^
5 warnings and 8 errors generated.
configure:4126: $? = 1
configure: failed program was:
| /* confdefs.h */
| #define PACKAGE_NAME "IBAMR"
| #define PACKAGE_TARNAME "IBAMR"
| #define PACKAGE_VERSION "171104"
| #define PACKAGE_STRING "IBAMR 171104"
| #define PACKAGE_BUGREPORT "boyceg@gmail.com"
| #define PACKAGE_URL "https://ibamr.github.io"
| #define PACKAGE "IBAMR"
| #define VERSION "171104"
| /* end confdefs.h.  */
| 
|   template <typename T>
|     struct check
|     {
|       static_assert(sizeof(int) <= sizeof(T), "not big enough");
|     };
| 
|     typedef check<check<bool>> right_angle_brackets;
| 
|     int a;
|     decltype(a) b;
| 
|     typedef check<int> check_type;
|     check_type c;
|     check_type&& cr = static_cast<check_type&&>(c);
| 
|     auto d = a;
|     auto l = [](){};
| 
|     // The compiler may evaluate something like:
|     // const int val = multiply(10, 10);
|     // at compile time.
|     constexpr int multiply (int x, int y) { return x * y; }
| 
|     // A minimally-conforming C++11 compiler must support alias declarations
|     template <typename T>
|     using MyCheck = check<T>;
| 
configure:4133: result: no
configure:4143: checking whether g++ supports C++11 features with -std=gnu++11
configure:4181: g++ -c -g -O2 -std=gnu++11   conftest.cpp >&5
configure:4181: $? = 0
configure:4190: result: yes
configure:4383: checking for gcc
configure:4399: found /usr/bin/gcc
configure:4410: result: gcc
configure:4639: checking for C compiler version
configure:4648: gcc --version >&5
Apple clang version 12.0.5 (clang-1205.0.22.11)
Target: x86_64-apple-darwin20.6.0
Thread model: posix
InstalledDir: /Applications/Xcode.app/Contents/Developer/Toolchains/XcodeDefault.xctoolchain/usr/bin
Configured with: --prefix=/Applications/Xcode.app/Contents/Developer/usr --with-gxx-include-dir=/Applications/Xcode.app/Contents/Developer/Platforms/MacOSX.platform/Developer/SDKs/MacOSX.sdk/usr/include/c++/4.2.1
configure:4659: $? = 0
configure:4648: gcc -v >&5
Configured with: --prefix=/Applications/Xcode.app/Contents/Developer/usr --with-gxx-include-dir=/Applications/Xcode.app/Contents/Developer/Platforms/MacOSX.platform/Developer/SDKs/MacOSX.sdk/usr/include/c++/4.2.1
Apple clang version 12.0.5 (clang-1205.0.22.11)
Target: x86_64-apple-darwin20.6.0
Thread model: posix
InstalledDir: /Applications/Xcode.app/Contents/Developer/Toolchains/XcodeDefault.xctoolchain/usr/bin
configure:4659: $? = 0
configure:4648: gcc -V >&5
clang: error: argument to '-V' is missing (expected 1 value)
clang: error: no input files
configure:4659: $? = 1
configure:4648: gcc -qversion >&5
clang: error: unknown argument '-qversion'; did you mean '--version'?
clang: error: no input files
configure:4659: $? = 1
configure:4663: checking whether we are using the GNU C compiler
configure:4682: gcc -c   conftest.c >&5
configure:4682: $? = 0
configure:4691: result: yes
configure:4700: checking whether gcc accepts -g
configure:4720: gcc -c -g  conftest.c >&5
configure:4720: $? = 0
configure:4761: result: yes
configure:4778: checking for gcc option to accept ISO C89
configure:4841: gcc  -c -g -O2  conftest.c >&5
configure:4841: $? = 0
configure:4854: result: none needed
configure:4879: checking whether gcc understands -c and -o together
configure:4901: gcc -c conftest.c -o conftest2.o
configure:4904: $? = 0
configure:4901: gcc -c conftest.c -o conftest2.o
configure:4904: $? = 0
configure:4916: result: yes
configure:4935: checking dependency style of gcc
configure:5046: result: gcc3
configure:5066: checking how to run the C preprocessor
configure:5097: gcc -E  conftest.c
configure:5097: $? = 0
configure:5111: gcc -E  conftest.c
conftest.c:12:10: fatal error: 'ac_nonexistent.h' file not found
#include <ac_nonexistent.h>
         ^~~~~~~~~~~~~~~~~~
1 error generated.
configure:5111: $? = 1
configure: failed program was:
| /* confdefs.h */
| #define PACKAGE_NAME "IBAMR"
| #define PACKAGE_TARNAME "IBAMR"
| #define PACKAGE_VERSION "171104"
| #define PACKAGE_STRING "IBAMR 171104"
| #define PACKAGE_BUGREPORT "boyceg@gmail.com"
| #define PACKAGE_URL "https://ibamr.github.io"
| #define PACKAGE "IBAMR"
| #define VERSION "171104"
| #define HAVE_CXX11 1
| /* end confdefs.h.  */
| #include <ac_nonexistent.h>
configure:5136: result: gcc -E
configure:5156: gcc -E  conftest.c
configure:5156: $? = 0
configure:5170: gcc -E  conftest.c
conftest.c:12:10: fatal error: 'ac_nonexistent.h' file not found
#include <ac_nonexistent.h>
         ^~~~~~~~~~~~~~~~~~
1 error generated.
configure:5170: $? = 1
configure: failed program was:
| /* confdefs.h */
| #define PACKAGE_NAME "IBAMR"
| #define PACKAGE_TARNAME "IBAMR"
| #define PACKAGE_VERSION "171104"
| #define PACKAGE_STRING "IBAMR 171104"
| #define PACKAGE_BUGREPORT "boyceg@gmail.com"
| #define PACKAGE_URL "https://ibamr.github.io"
| #define PACKAGE "IBAMR"
| #define VERSION "171104"
| #define HAVE_CXX11 1
| /* end confdefs.h.  */
| #include <ac_nonexistent.h>
configure:5310: checking for C++ compiler version
configure:5319: g++ --version >&5
Apple clang version 12.0.5 (clang-1205.0.22.11)
Target: x86_64-apple-darwin20.6.0
Thread model: posix
InstalledDir: /Applications/Xcode.app/Contents/Developer/Toolchains/XcodeDefault.xctoolchain/usr/bin
Configured with: --prefix=/Applications/Xcode.app/Contents/Developer/usr --with-gxx-include-dir=/Applications/Xcode.app/Contents/Developer/Platforms/MacOSX.platform/Developer/SDKs/MacOSX.sdk/usr/include/c++/4.2.1
configure:5330: $? = 0
configure:5319: g++ -v >&5
Configured with: --prefix=/Applications/Xcode.app/Contents/Developer/usr --with-gxx-include-dir=/Applications/Xcode.app/Contents/Developer/Platforms/MacOSX.platform/Developer/SDKs/MacOSX.sdk/usr/include/c++/4.2.1
Apple clang version 12.0.5 (clang-1205.0.22.11)
Target: x86_64-apple-darwin20.6.0
Thread model: posix
InstalledDir: /Applications/Xcode.app/Contents/Developer/Toolchains/XcodeDefault.xctoolchain/usr/bin
configure:5330: $? = 0
configure:5319: g++ -V >&5
clang: error: argument to '-V' is missing (expected 1 value)
clang: error: no input files
configure:5330: $? = 1
configure:5319: g++ -qversion >&5
clang: error: unknown argument '-qversion'; did you mean '--version'?
clang: error: no input files
configure:5330: $? = 1
configure:5334: checking whether we are using the GNU C++ compiler
configure:5362: result: yes
configure:5371: checking whether g++ accepts -g
configure:5432: result: yes
configure:5457: checking dependency style of g++
configure:5568: result: gcc3
configure:5588: checking how to run the C++ preprocessor
configure:5615: g++ -E  conftest.cpp
configure:5615: $? = 0
configure:5629: g++ -E  conftest.cpp
conftest.cpp:12:10: fatal error: 'ac_nonexistent.h' file not found
#include <ac_nonexistent.h>
         ^~~~~~~~~~~~~~~~~~
1 error generated.
configure:5629: $? = 1
configure: failed program was:
| /* confdefs.h */
| #define PACKAGE_NAME "IBAMR"
| #define PACKAGE_TARNAME "IBAMR"
| #define PACKAGE_VERSION "171104"
| #define PACKAGE_STRING "IBAMR 171104"
| #define PACKAGE_BUGREPORT "boyceg@gmail.com"
| #define PACKAGE_URL "https://ibamr.github.io"
| #define PACKAGE "IBAMR"
| #define VERSION "171104"
| #define HAVE_CXX11 1
| /* end confdefs.h.  */
| #include <ac_nonexistent.h>
configure:5654: result: g++ -E
configure:5674: g++ -E  conftest.cpp
configure:5674: $? = 0
configure:5688: g++ -E  conftest.cpp
conftest.cpp:12:10: fatal error: 'ac_nonexistent.h' file not found
#include <ac_nonexistent.h>
         ^~~~~~~~~~~~~~~~~~
1 error generated.
configure:5688: $? = 1
configure: failed program was:
| /* confdefs.h */
| #define PACKAGE_NAME "IBAMR"
| #define PACKAGE_TARNAME "IBAMR"
| #define PACKAGE_VERSION "171104"
| #define PACKAGE_STRING "IBAMR 171104"
| #define PACKAGE_BUGREPORT "boyceg@gmail.com"
| #define PACKAGE_URL "https://ibamr.github.io"
| #define PACKAGE "IBAMR"
| #define VERSION "171104"
| #define HAVE_CXX11 1
| /* end confdefs.h.  */
| #include <ac_nonexistent.h>
configure:5769: checking for gfortran
configure:5785: found /usr/local/bin/gfortran
configure:5796: result: gfortran
configure:5822: checking for Fortran compiler version
configure:5831: gfortran --version >&5
GNU Fortran (Homebrew GCC 10.2.0_4) 10.2.0
Copyright (C) 2020 Free Software Foundation, Inc.
This is free software; see the source for copying conditions.  There is NO
warranty; not even for MERCHANTABILITY or FITNESS FOR A PARTICULAR PURPOSE.

configure:5842: $? = 0
configure:5831: gfortran -v >&5
Using built-in specs.
COLLECT_GCC=gfortran
COLLECT_LTO_WRAPPER=/usr/local/Cellar/gcc/10.2.0_4/libexec/gcc/x86_64-apple-darwin20/10.2.0/lto-wrapper
Target: x86_64-apple-darwin20
Configured with: ../configure --build=x86_64-apple-darwin20 --prefix=/usr/local/Cellar/gcc/10.2.0_4 --libdir=/usr/local/Cellar/gcc/10.2.0_4/lib/gcc/10 --disable-nls --enable-checking=release --enable-languages=c,c++,objc,obj-c++,fortran --program-suffix=-10 --with-gmp=/usr/local/opt/gmp --with-mpfr=/usr/local/opt/mpfr --with-mpc=/usr/local/opt/libmpc --with-isl=/usr/local/opt/isl --with-system-zlib --with-pkgversion='Homebrew GCC 10.2.0_4' --with-bugurl=https://github.com/Homebrew/homebrew-core/issues --disable-multilib --with-native-system-header-dir=/usr/include --with-sysroot=/Library/Developer/CommandLineTools/SDKs/MacOSX.sdk SED=/usr/bin/sed
Thread model: posix
Supported LTO compression algorithms: zlib
gcc version 10.2.0 (Homebrew GCC 10.2.0_4) 
configure:5842: $? = 0
configure:5831: gfortran -V >&5
gfortran: error: unrecognized command-line option '-V'
gfortran: fatal error: no input files
compilation terminated.
configure:5842: $? = 1
configure:5831: gfortran -qversion >&5
gfortran: error: unrecognized command-line option '-qversion'; did you mean '--version'?
gfortran: fatal error: no input files
compilation terminated.
configure:5842: $? = 1
configure:5851: checking whether we are using the GNU Fortran compiler
configure:5864: gfortran -c   conftest.F >&5
configure:5864: $? = 0
configure:5873: result: yes
configure:5879: checking whether gfortran accepts -g
configure:5890: gfortran -c -g  conftest.f >&5
configure:5890: $? = 0
configure:5898: result: yes
configure:5931: checking build system type
configure:5945: result: x86_64-apple-darwin20.6.0
configure:5965: checking host system type
configure:5978: result: x86_64-apple-darwin20.6.0
configure:6003: checking how to get verbose linking output from gfortran
configure:6013: gfortran -c -g -O2  conftest.f >&5
configure:6013: $? = 0
configure:6031: gfortran -o conftest -g -O2 -v conftest.f
Using built-in specs.
Target: x86_64-apple-darwin20
Thread model: posix
Supported LTO compression algorithms: zlib
gcc version 10.2.0 (Homebrew GCC 10.2.0_4) 
 /usr/local/Cellar/gcc/10.2.0_4/libexec/gcc/x86_64-apple-darwin20/10.2.0/f951 conftest.f -ffixed-form -fPIC -feliminate-unused-debug-symbols -quiet -dumpbase conftest.f -mmacosx-version-min=11.5.0 -mtune=core2 -auxbase conftest -g -O2 -version -fintrinsic-modules-path /usr/local/Cellar/gcc/10.2.0_4/lib/gcc/10/gcc/x86_64-apple-darwin20/10.2.0/finclude -o /var/folders/s0/hkh67b5d35d24j43ys2m_1r00000gn/T//cclBRQo2.s
GNU Fortran (Homebrew GCC 10.2.0_4) version 10.2.0 (x86_64-apple-darwin20)
	compiled by GNU C version 10.2.0, GMP version 6.2.1, MPFR version 4.1.0, MPC version 1.2.1, isl version isl-0.23-GMP

GGC heuristics: --param ggc-min-expand=100 --param ggc-min-heapsize=131072
GNU Fortran2008 (Homebrew GCC 10.2.0_4) version 10.2.0 (x86_64-apple-darwin20)
	compiled by GNU C version 10.2.0, GMP version 6.2.1, MPFR version 4.1.0, MPC version 1.2.1, isl version isl-0.23-GMP

GGC heuristics: --param ggc-min-expand=100 --param ggc-min-heapsize=131072
 as -arch x86_64 -v -force_cpusubtype_ALL -mmacosx-version-min=11.5 -o /var/folders/s0/hkh67b5d35d24j43ys2m_1r00000gn/T//ccdO5uqH.o /var/folders/s0/hkh67b5d35d24j43ys2m_1r00000gn/T//cclBRQo2.s
Apple clang version 12.0.5 (clang-1205.0.22.11)
Target: x86_64-apple-darwin20.6.0
Thread model: posix
InstalledDir: /Applications/Xcode.app/Contents/Developer/Toolchains/XcodeDefault.xctoolchain/usr/bin
 "/Applications/Xcode.app/Contents/Developer/Toolchains/XcodeDefault.xctoolchain/usr/bin/clang" -cc1as -triple x86_64-apple-macosx11.5.0 -filetype obj -main-file-name cclBRQo2.s -target-cpu penryn -fdebug-compilation-dir /Users/AminKolah/sfw/bigsur/ibamr/source/IBAMR -dwarf-debug-producer "Apple clang version 12.0.5 (clang-1205.0.22.11)" -dwarf-version=4 -mrelocation-model pic -mllvm -disable-aligned-alloc-awareness=1 -o /var/folders/s0/hkh67b5d35d24j43ys2m_1r00000gn/T//ccdO5uqH.o /var/folders/s0/hkh67b5d35d24j43ys2m_1r00000gn/T//cclBRQo2.s
Reading specs from /usr/local/Cellar/gcc/10.2.0_4/lib/gcc/10/gcc/x86_64-apple-darwin20/10.2.0/../../../libgfortran.spec
rename spec lib to liborig
 /usr/local/Cellar/gcc/10.2.0_4/libexec/gcc/x86_64-apple-darwin20/10.2.0/collect2 -syslibroot /Library/Developer/CommandLineTools/SDKs/MacOSX.sdk/ -dynamic -arch x86_64 -macosx_version_min 11.5.0 -weak_reference_mismatches non-weak -o conftest -L/usr/local/Cellar/gcc/10.2.0_4/lib/gcc/10/gcc/x86_64-apple-darwin20/10.2.0 -L/usr/local/Cellar/gcc/10.2.0_4/lib/gcc/10/gcc/x86_64-apple-darwin20/10.2.0/../../.. /var/folders/s0/hkh67b5d35d24j43ys2m_1r00000gn/T//ccdO5uqH.o -lgfortran -lSystem -lgcc_ext.10.5 -lgcc -lquadmath -lm -lgcc_ext.10.5 -lgcc -lSystem -no_compact_unwind -v -idsym -dsym
collect2 version 10.2.0
/usr/bin/ld -syslibroot /Library/Developer/CommandLineTools/SDKs/MacOSX.sdk/ -dynamic -arch x86_64 -macosx_version_min 11.5.0 -weak_reference_mismatches non-weak -o conftest -L/usr/local/Cellar/gcc/10.2.0_4/lib/gcc/10/gcc/x86_64-apple-darwin20/10.2.0 -L/usr/local/Cellar/gcc/10.2.0_4/lib/gcc/10/gcc/x86_64-apple-darwin20/10.2.0/../../.. /var/folders/s0/hkh67b5d35d24j43ys2m_1r00000gn/T//ccdO5uqH.o -lgfortran -lSystem -lgcc_ext.10.5 -lgcc -lquadmath -lm -lgcc_ext.10.5 -lgcc -lSystem -no_compact_unwind -v
@(#)PROGRAM:ld  PROJECT:ld64-650.9
BUILD 13:09:02 May 28 2021
configured to support archs: armv6 armv7 armv7s arm64 arm64e arm64_32 i386 x86_64 x86_64h armv6m armv7k armv7m armv7em
Library search paths:
	/usr/local/Cellar/gcc/10.2.0_4/lib/gcc/10/gcc/x86_64-apple-darwin20/10.2.0
	/usr/local/Cellar/gcc/10.2.0_4/lib/gcc/10
	/Library/Developer/CommandLineTools/SDKs/MacOSX.sdk/usr/lib
Framework search paths:
	/Library/Developer/CommandLineTools/SDKs/MacOSX.sdk/System/Library/Frameworks/
dsymutil conftest
configure:6114: result: -v
configure:6116: checking for Fortran libraries of gfortran
configure:6139: gfortran -o conftest -g -O2 -v conftest.f
Using built-in specs.
Target: x86_64-apple-darwin20
Thread model: posix
Supported LTO compression algorithms: zlib
gcc version 10.2.0 (Homebrew GCC 10.2.0_4) 
 /usr/local/Cellar/gcc/10.2.0_4/libexec/gcc/x86_64-apple-darwin20/10.2.0/f951 conftest.f -ffixed-form -fPIC -feliminate-unused-debug-symbols -quiet -dumpbase conftest.f -mmacosx-version-min=11.5.0 -mtune=core2 -auxbase conftest -g -O2 -version -fintrinsic-modules-path /usr/local/Cellar/gcc/10.2.0_4/lib/gcc/10/gcc/x86_64-apple-darwin20/10.2.0/finclude -o /var/folders/s0/hkh67b5d35d24j43ys2m_1r00000gn/T//ccBkDEzz.s
GNU Fortran (Homebrew GCC 10.2.0_4) version 10.2.0 (x86_64-apple-darwin20)
	compiled by GNU C version 10.2.0, GMP version 6.2.1, MPFR version 4.1.0, MPC version 1.2.1, isl version isl-0.23-GMP

GGC heuristics: --param ggc-min-expand=100 --param ggc-min-heapsize=131072
GNU Fortran2008 (Homebrew GCC 10.2.0_4) version 10.2.0 (x86_64-apple-darwin20)
	compiled by GNU C version 10.2.0, GMP version 6.2.1, MPFR version 4.1.0, MPC version 1.2.1, isl version isl-0.23-GMP

GGC heuristics: --param ggc-min-expand=100 --param ggc-min-heapsize=131072
 as -arch x86_64 -v -force_cpusubtype_ALL -mmacosx-version-min=11.5 -o /var/folders/s0/hkh67b5d35d24j43ys2m_1r00000gn/T//cctujFhF.o /var/folders/s0/hkh67b5d35d24j43ys2m_1r00000gn/T//ccBkDEzz.s
Apple clang version 12.0.5 (clang-1205.0.22.11)
Target: x86_64-apple-darwin20.6.0
Thread model: posix
InstalledDir: /Applications/Xcode.app/Contents/Developer/Toolchains/XcodeDefault.xctoolchain/usr/bin
 "/Applications/Xcode.app/Contents/Developer/Toolchains/XcodeDefault.xctoolchain/usr/bin/clang" -cc1as -triple x86_64-apple-macosx11.5.0 -filetype obj -main-file-name ccBkDEzz.s -target-cpu penryn -fdebug-compilation-dir /Users/AminKolah/sfw/bigsur/ibamr/source/IBAMR -dwarf-debug-producer "Apple clang version 12.0.5 (clang-1205.0.22.11)" -dwarf-version=4 -mrelocation-model pic -mllvm -disable-aligned-alloc-awareness=1 -o /var/folders/s0/hkh67b5d35d24j43ys2m_1r00000gn/T//cctujFhF.o /var/folders/s0/hkh67b5d35d24j43ys2m_1r00000gn/T//ccBkDEzz.s
Reading specs from /usr/local/Cellar/gcc/10.2.0_4/lib/gcc/10/gcc/x86_64-apple-darwin20/10.2.0/../../../libgfortran.spec
rename spec lib to liborig
 /usr/local/Cellar/gcc/10.2.0_4/libexec/gcc/x86_64-apple-darwin20/10.2.0/collect2 -syslibroot /Library/Developer/CommandLineTools/SDKs/MacOSX.sdk/ -dynamic -arch x86_64 -macosx_version_min 11.5.0 -weak_reference_mismatches non-weak -o conftest -L/usr/local/Cellar/gcc/10.2.0_4/lib/gcc/10/gcc/x86_64-apple-darwin20/10.2.0 -L/usr/local/Cellar/gcc/10.2.0_4/lib/gcc/10/gcc/x86_64-apple-darwin20/10.2.0/../../.. /var/folders/s0/hkh67b5d35d24j43ys2m_1r00000gn/T//cctujFhF.o -lgfortran -lSystem -lgcc_ext.10.5 -lgcc -lquadmath -lm -lgcc_ext.10.5 -lgcc -lSystem -no_compact_unwind -v -idsym -dsym
collect2 version 10.2.0
/usr/bin/ld -syslibroot /Library/Developer/CommandLineTools/SDKs/MacOSX.sdk/ -dynamic -arch x86_64 -macosx_version_min 11.5.0 -weak_reference_mismatches non-weak -o conftest -L/usr/local/Cellar/gcc/10.2.0_4/lib/gcc/10/gcc/x86_64-apple-darwin20/10.2.0 -L/usr/local/Cellar/gcc/10.2.0_4/lib/gcc/10/gcc/x86_64-apple-darwin20/10.2.0/../../.. /var/folders/s0/hkh67b5d35d24j43ys2m_1r00000gn/T//cctujFhF.o -lgfortran -lSystem -lgcc_ext.10.5 -lgcc -lquadmath -lm -lgcc_ext.10.5 -lgcc -lSystem -no_compact_unwind -v
@(#)PROGRAM:ld  PROJECT:ld64-650.9
BUILD 13:09:02 May 28 2021
configured to support archs: armv6 armv7 armv7s arm64 arm64e arm64_32 i386 x86_64 x86_64h armv6m armv7k armv7m armv7em
Library search paths:
	/usr/local/Cellar/gcc/10.2.0_4/lib/gcc/10/gcc/x86_64-apple-darwin20/10.2.0
	/usr/local/Cellar/gcc/10.2.0_4/lib/gcc/10
	/Library/Developer/CommandLineTools/SDKs/MacOSX.sdk/usr/lib
Framework search paths:
	/Library/Developer/CommandLineTools/SDKs/MacOSX.sdk/System/Library/Frameworks/
dsymutil conftest
configure:6335: result:  -L/usr/local/Cellar/gcc/10.2.0_4/lib/gcc/10/gcc/x86_64-apple-darwin20/10.2.0 -L/usr/local/Cellar/gcc/10.2.0_4/lib/gcc/10/gcc/x86_64-apple-darwin20/10.2.0/../../.. -lgfortran -lquadmath -lm
configure:6352: checking for dummy main to link with Fortran libraries
configure:6386: gcc -o conftest -g -O2   conftest.c   -L/usr/local/Cellar/gcc/10.2.0_4/lib/gcc/10/gcc/x86_64-apple-darwin20/10.2.0 -L/usr/local/Cellar/gcc/10.2.0_4/lib/gcc/10/gcc/x86_64-apple-darwin20/10.2.0/../../.. -lgfortran -lquadmath -lm >&5
ld: warning: dylib (/usr/local/Cellar/gcc/10.2.0_4/lib/gcc/10/libgfortran.dylib) was built for newer macOS version (11.2) than being linked (11.0)
ld: warning: dylib (/usr/local/Cellar/gcc/10.2.0_4/lib/gcc/10/libquadmath.dylib) was built for newer macOS version (11.2) than being linked (11.0)
configure:6386: $? = 0
configure:6431: result: none
configure:6464: checking for Fortran name-mangling scheme
configure:6477: gfortran -c -g -O2  conftest.f >&5
configure:6477: $? = 0
configure:6518: gcc -o conftest -g -O2   conftest.c cfortran_test.o   -L/usr/local/Cellar/gcc/10.2.0_4/lib/gcc/10/gcc/x86_64-apple-darwin20/10.2.0 -L/usr/local/Cellar/gcc/10.2.0_4/lib/gcc/10/gcc/x86_64-apple-darwin20/10.2.0/../../.. -lgfortran -lquadmath -lm >&5
ld: warning: object file (cfortran_test.o) was built for newer macOS version (11.5) than being linked (11.0)
ld: warning: dylib (/usr/local/Cellar/gcc/10.2.0_4/lib/gcc/10/libgfortran.dylib) was built for newer macOS version (11.2) than being linked (11.0)
ld: warning: dylib (/usr/local/Cellar/gcc/10.2.0_4/lib/gcc/10/libquadmath.dylib) was built for newer macOS version (11.2) than being linked (11.0)
Undefined symbols for architecture x86_64:
  "_foobar", referenced from:
      _main in conftest-d732e8.o
     (maybe you meant: _foobar_)
ld: symbol(s) not found for architecture x86_64
clang: error: linker command failed with exit code 1 (use -v to see invocation)
configure:6518: $? = 1
configure: failed program was:
| /* confdefs.h */
| #define PACKAGE_NAME "IBAMR"
| #define PACKAGE_TARNAME "IBAMR"
| #define PACKAGE_VERSION "171104"
| #define PACKAGE_STRING "IBAMR 171104"
| #define PACKAGE_BUGREPORT "boyceg@gmail.com"
| #define PACKAGE_URL "https://ibamr.github.io"
| #define PACKAGE "IBAMR"
| #define VERSION "171104"
| #define HAVE_CXX11 1
| /* end confdefs.h.  */
| 
| /* Override any GCC internal prototype to avoid an error.
|    Use char because int might match the return type of a GCC
|    builtin and then its argument prototype would still apply.  */
| #ifdef __cplusplus
| extern "C"
| #endif
| char foobar ();
| #ifdef FC_DUMMY_MAIN
| #ifndef FC_DUMMY_MAIN_EQ_F77
| #  ifdef __cplusplus
|      extern "C"
| #  endif
|    int FC_DUMMY_MAIN() { return 1; }
| #endif
| #endif
| int
| main ()
| {
| return foobar ();
|   ;
|   return 0;
| }
configure:6518: gcc -o conftest -g -O2   conftest.c cfortran_test.o   -L/usr/local/Cellar/gcc/10.2.0_4/lib/gcc/10/gcc/x86_64-apple-darwin20/10.2.0 -L/usr/local/Cellar/gcc/10.2.0_4/lib/gcc/10/gcc/x86_64-apple-darwin20/10.2.0/../../.. -lgfortran -lquadmath -lm >&5
ld: warning: object file (cfortran_test.o) was built for newer macOS version (11.5) than being linked (11.0)
ld: warning: dylib (/usr/local/Cellar/gcc/10.2.0_4/lib/gcc/10/libgfortran.dylib) was built for newer macOS version (11.2) than being linked (11.0)
ld: warning: dylib (/usr/local/Cellar/gcc/10.2.0_4/lib/gcc/10/libquadmath.dylib) was built for newer macOS version (11.2) than being linked (11.0)
configure:6518: $? = 0
configure:6576: gcc -o conftest -g -O2   conftest.c cfortran_test.o   -L/usr/local/Cellar/gcc/10.2.0_4/lib/gcc/10/gcc/x86_64-apple-darwin20/10.2.0 -L/usr/local/Cellar/gcc/10.2.0_4/lib/gcc/10/gcc/x86_64-apple-darwin20/10.2.0/../../.. -lgfortran -lquadmath -lm >&5
ld: warning: object file (cfortran_test.o) was built for newer macOS version (11.5) than being linked (11.0)
ld: warning: dylib (/usr/local/Cellar/gcc/10.2.0_4/lib/gcc/10/libgfortran.dylib) was built for newer macOS version (11.2) than being linked (11.0)
ld: warning: dylib (/usr/local/Cellar/gcc/10.2.0_4/lib/gcc/10/libquadmath.dylib) was built for newer macOS version (11.2) than being linked (11.0)
configure:6576: $? = 0
configure:6618: result: lower case, underscore, no extra underscore
configure:6691: checking for Fortran flag to compile .f files
configure:6711: gfortran -c -g -O2  conftest.f >&5
configure:6711: $? = 0
configure:6720: result: none
configure:6902: checking for gcc
configure:6929: result: gcc
configure:7158: checking for C compiler version
configure:7167: gcc --version >&5
Apple clang version 12.0.5 (clang-1205.0.22.11)
Target: x86_64-apple-darwin20.6.0
Thread model: posix
InstalledDir: /Applications/Xcode.app/Contents/Developer/Toolchains/XcodeDefault.xctoolchain/usr/bin
Configured with: --prefix=/Applications/Xcode.app/Contents/Developer/usr --with-gxx-include-dir=/Applications/Xcode.app/Contents/Developer/Platforms/MacOSX.platform/Developer/SDKs/MacOSX.sdk/usr/include/c++/4.2.1
configure:7178: $? = 0
configure:7167: gcc -v >&5
Configured with: --prefix=/Applications/Xcode.app/Contents/Developer/usr --with-gxx-include-dir=/Applications/Xcode.app/Contents/Developer/Platforms/MacOSX.platform/Developer/SDKs/MacOSX.sdk/usr/include/c++/4.2.1
Apple clang version 12.0.5 (clang-1205.0.22.11)
Target: x86_64-apple-darwin20.6.0
Thread model: posix
InstalledDir: /Applications/Xcode.app/Contents/Developer/Toolchains/XcodeDefault.xctoolchain/usr/bin
configure:7178: $? = 0
configure:7167: gcc -V >&5
clang: error: argument to '-V' is missing (expected 1 value)
clang: error: no input files
configure:7178: $? = 1
configure:7167: gcc -qversion >&5
clang: error: unknown argument '-qversion'; did you mean '--version'?
clang: error: no input files
configure:7178: $? = 1
configure:7182: checking whether we are using the GNU C compiler
configure:7218: result: yes
configure:7227: checking whether gcc accepts -g
configure:7312: result: yes
configure:7329: checking for gcc option to accept ISO C89
configure:7413: result: none needed
configure:7438: checking whether gcc understands -c and -o together
configure:7483: result: yes
configure:7502: checking dependency style of gcc
configure:7613: result: gcc3
configure:7654: checking for function MPI_Init
configure:7687: gcc -o conftest -g -O2   conftest.c  >&5
Undefined symbols for architecture x86_64:
  "_MPI_Init", referenced from:
      _main in conftest-1691a4.o
ld: symbol(s) not found for architecture x86_64
clang: error: linker command failed with exit code 1 (use -v to see invocation)
configure:7687: $? = 1
configure: failed program was:
| /* confdefs.h */
| #define PACKAGE_NAME "IBAMR"
| #define PACKAGE_TARNAME "IBAMR"
| #define PACKAGE_VERSION "171104"
| #define PACKAGE_STRING "IBAMR 171104"
| #define PACKAGE_BUGREPORT "boyceg@gmail.com"
| #define PACKAGE_URL "https://ibamr.github.io"
| #define PACKAGE "IBAMR"
| #define VERSION "171104"
| #define HAVE_CXX11 1
| #define FC_FUNC(name,NAME) name ## _
| #define FC_FUNC_(name,NAME) name ## _
| /* end confdefs.h.  */
| 
| /* Override any GCC internal prototype to avoid an error.
|    Use char because int might match the return type of a GCC
|    builtin and then its argument prototype would still apply.  */
| #ifdef __cplusplus
| extern "C"
| #endif
| char MPI_Init ();
| #ifdef FC_DUMMY_MAIN
| #ifndef FC_DUMMY_MAIN_EQ_F77
| #  ifdef __cplusplus
|      extern "C"
| #  endif
|    int FC_DUMMY_MAIN() { return 1; }
| #endif
| #endif
| int
| main ()
| {
| return MPI_Init ();
|   ;
|   return 0;
| }
configure:7694: result: no
configure:7657: checking for function MPI_Init in -lmpi
configure:7687: gcc -o conftest -g -O2   conftest.c -lmpi  >&5
configure:7687: $? = 0
configure:7694: result: yes
configure:7705: checking for mpi.h
configure:7726: gcc -c -g -O2  conftest.c >&5
configure:7726: $? = 0
configure:7727: result: yes
configure:7984: checking for C++ compiler version
configure:7993: g++ --version >&5
Apple clang version 12.0.5 (clang-1205.0.22.11)
Target: x86_64-apple-darwin20.6.0
Thread model: posix
InstalledDir: /Applications/Xcode.app/Contents/Developer/Toolchains/XcodeDefault.xctoolchain/usr/bin
Configured with: --prefix=/Applications/Xcode.app/Contents/Developer/usr --with-gxx-include-dir=/Applications/Xcode.app/Contents/Developer/Platforms/MacOSX.platform/Developer/SDKs/MacOSX.sdk/usr/include/c++/4.2.1
configure:8004: $? = 0
configure:7993: g++ -v >&5
Configured with: --prefix=/Applications/Xcode.app/Contents/Developer/usr --with-gxx-include-dir=/Applications/Xcode.app/Contents/Developer/Platforms/MacOSX.platform/Developer/SDKs/MacOSX.sdk/usr/include/c++/4.2.1
Apple clang version 12.0.5 (clang-1205.0.22.11)
Target: x86_64-apple-darwin20.6.0
Thread model: posix
InstalledDir: /Applications/Xcode.app/Contents/Developer/Toolchains/XcodeDefault.xctoolchain/usr/bin
configure:8004: $? = 0
configure:7993: g++ -V >&5
clang: error: argument to '-V' is missing (expected 1 value)
clang: error: no input files
configure:8004: $? = 1
configure:7993: g++ -qversion >&5
clang: error: unknown argument '-qversion'; did you mean '--version'?
clang: error: no input files
configure:8004: $? = 1
configure:8008: checking whether we are using the GNU C++ compiler
configure:8044: result: yes
configure:8053: checking whether g++ accepts -g
configure:8138: result: yes
configure:8163: checking dependency style of g++
configure:8274: result: gcc3
configure:8316: checking for function MPI_Init
configure:8345: g++ -o conftest -g -O2 -std=gnu++11   conftest.cpp -lmpi  >&5
configure:8345: $? = 0
configure:8352: result: yes
configure:8363: checking for mpi.h
configure:8384: g++ -c -g -O2 -std=gnu++11  conftest.cpp >&5
configure:8384: $? = 0
configure:8385: result: yes
configure:8422: checking for grep that handles long lines and -e
configure:8480: result: /usr/bin/grep
configure:8485: checking for egrep
configure:8547: result: /usr/bin/grep -E
configure:8552: checking for ANSI C header files
configure:8580: g++ -c -g -O2 -std=gnu++11  conftest.cpp >&5
configure:8580: $? = 0
configure:8653: g++ -o conftest -g -O2 -std=gnu++11   conftest.cpp -lmpi  >&5
configure:8653: $? = 0
configure:8653: ./conftest
configure:8653: $? = 0
configure:8664: result: yes
configure:8677: checking for sys/types.h
configure:8677: g++ -c -g -O2 -std=gnu++11  conftest.cpp >&5
configure:8677: $? = 0
configure:8677: result: yes
configure:8677: checking for sys/stat.h
configure:8677: g++ -c -g -O2 -std=gnu++11  conftest.cpp >&5
configure:8677: $? = 0
configure:8677: result: yes
configure:8677: checking for stdlib.h
configure:8677: g++ -c -g -O2 -std=gnu++11  conftest.cpp >&5
configure:8677: $? = 0
configure:8677: result: yes
configure:8677: checking for string.h
configure:8677: g++ -c -g -O2 -std=gnu++11  conftest.cpp >&5
configure:8677: $? = 0
configure:8677: result: yes
configure:8677: checking for memory.h
configure:8677: g++ -c -g -O2 -std=gnu++11  conftest.cpp >&5
configure:8677: $? = 0
configure:8677: result: yes
configure:8677: checking for strings.h
configure:8677: g++ -c -g -O2 -std=gnu++11  conftest.cpp >&5
configure:8677: $? = 0
configure:8677: result: yes
configure:8677: checking for inttypes.h
configure:8677: g++ -c -g -O2 -std=gnu++11  conftest.cpp >&5
configure:8677: $? = 0
configure:8677: result: yes
configure:8677: checking for stdint.h
configure:8677: g++ -c -g -O2 -std=gnu++11  conftest.cpp >&5
configure:8677: $? = 0
configure:8677: result: yes
configure:8677: checking for unistd.h
configure:8677: g++ -c -g -O2 -std=gnu++11  conftest.cpp >&5
configure:8677: $? = 0
configure:8677: result: yes
configure:8689: checking whether sys/types.h defines makedev
configure:8713: g++ -o conftest -g -O2 -std=gnu++11   conftest.cpp -lmpi  >&5
configure:8713: $? = 0
configure:8722: result: yes
configure:8747: checking for ANSI C header files
configure:8859: result: yes
configure:8913: checking how to print strings
configure:8940: result: printf
configure:8961: checking for a sed that does not truncate output
configure:9025: result: /usr/bin/sed
configure:9043: checking for fgrep
configure:9105: result: /usr/bin/grep -F
configure:9140: checking for ld used by gcc
configure:9207: result: /Applications/Xcode.app/Contents/Developer/Toolchains/XcodeDefault.xctoolchain/usr/bin/ld
configure:9214: checking if the linker (/Applications/Xcode.app/Contents/Developer/Toolchains/XcodeDefault.xctoolchain/usr/bin/ld) is GNU ld
configure:9229: result: no
configure:9241: checking for BSD- or MS-compatible name lister (nm)
configure:9295: result: /usr/bin/nm -B
configure:9425: checking the name lister (/usr/bin/nm -B) interface
configure:9432: g++ -c -g -O2 -std=gnu++11  conftest.cpp >&5
configure:9435: /usr/bin/nm -B "conftest.o"
configure:9438: output
000000000000025c S _some_variable
configure:9445: result: BSD nm
configure:9448: checking whether ln -s works
configure:9452: result: yes
configure:9460: checking the maximum length of command line arguments
configure:9591: result: 786432
configure:9639: checking how to convert x86_64-apple-darwin20.6.0 file names to x86_64-apple-darwin20.6.0 format
configure:9679: result: func_convert_file_noop
configure:9686: checking how to convert x86_64-apple-darwin20.6.0 file names to toolchain format
configure:9706: result: func_convert_file_noop
configure:9713: checking for /Applications/Xcode.app/Contents/Developer/Toolchains/XcodeDefault.xctoolchain/usr/bin/ld option to reload object files
configure:9720: result: -r
configure:9794: checking for objdump
configure:9810: found /usr/bin/objdump
configure:9821: result: objdump
configure:9853: checking how to recognize dependent libraries
configure:10053: result: pass_all
configure:10138: checking for dlltool
configure:10168: result: no
configure:10198: checking how to associate runtime and link libraries
configure:10225: result: printf %s\n
configure:10285: checking for ar
configure:10301: found /usr/bin/ar
configure:10312: result: ar
configure:10349: checking for archiver @FILE support
configure:10374: g++ -c -g -O2 -std=gnu++11  conftest.cpp >&5
configure:10374: $? = 0
configure:10377: ar cru libconftest.a @conftest.lst >&5
ar: @conftest.lst: No such file or directory
configure:10380: $? = 1
configure:10400: result: no
configure:10458: checking for strip
configure:10474: found /usr/bin/strip
configure:10485: result: strip
configure:10557: checking for ranlib
configure:10573: found /usr/bin/ranlib
configure:10584: result: ranlib
configure:10686: checking command to parse /usr/bin/nm -B output from gcc object
configure:10839: g++ -c -g -O2 -std=gnu++11  conftest.cpp >&5
configure:10842: $? = 0
configure:10846: /usr/bin/nm -B conftest.o \| sed -n -e 's/^.*[ ]\([BCDEGRST][BCDEGRST]*\)[ ][ ]*\([_A-Za-z][_A-Za-z0-9]*\)$/\1 \2 \2/p' | sed '/ __gnu_lto/d' \> conftest.nm
configure:10849: $? = 0
cannot find nm_test_var in conftest.nm
configure:10839: g++ -c -g -O2 -std=gnu++11  conftest.cpp >&5
configure:10842: $? = 0
configure:10846: /usr/bin/nm -B conftest.o \| sed -n -e 's/^.*[ ]\([BCDEGRST][BCDEGRST]*\)[ ][ ]*_\([_A-Za-z][_A-Za-z0-9]*\)$/\1 _\2 \2/p' | sed '/ __gnu_lto/d' \> conftest.nm
configure:10849: $? = 0
configure:10915: g++ -o conftest -g -O2 -std=gnu++11   conftest.cpp conftstm.o >&5
configure:10918: $? = 0
configure:10956: result: ok
configure:11003: checking for sysroot
configure:11033: result: no
configure:11040: checking for a working dd
configure:11078: result: /bin/dd
configure:11082: checking how to truncate binary pipes
configure:11097: result: /bin/dd bs=4096 count=1
configure:11434: checking for mt
configure:11464: result: no
configure:11484: checking if : is a manifest tool
configure:11490: : '-?'
configure:11498: result: no
configure:11554: checking for dsymutil
configure:11570: found /usr/bin/dsymutil
configure:11581: result: dsymutil
configure:11646: checking for nmedit
configure:11662: found /usr/bin/nmedit
configure:11673: result: nmedit
configure:11738: checking for lipo
configure:11754: found /usr/bin/lipo
configure:11765: result: lipo
configure:11830: checking for otool
configure:11846: found /usr/bin/otool
configure:11857: result: otool
configure:11922: checking for otool64
configure:11952: result: no
configure:11997: checking for -single_module linker flag
gcc -g -O2  -o libconftest.dylib -dynamiclib -Wl,-single_module conftest.c
configure:12030: result: yes
configure:12033: checking for -exported_symbols_list linker flag
configure:12061: g++ -o conftest -g -O2 -std=gnu++11   -Wl,-exported_symbols_list,conftest.sym conftest.cpp -lmpi  >&5
configure:12061: $? = 0
configure:12071: result: yes
configure:12074: checking for -force_load linker flag
gcc -g -O2 -c -o conftest.o conftest.c
ar cru libconftest.a conftest.o
ranlib libconftest.a
gcc -g -O2  -o conftest conftest.c -Wl,-force_load,./libconftest.a
configure:12106: result: yes
configure:12180: checking for dlfcn.h
configure:12180: g++ -c -g -O2 -std=gnu++11  conftest.cpp >&5
configure:12180: $? = 0
configure:12180: result: yes
configure:12446: checking for objdir
configure:12461: result: .libs
configure:12725: checking if gcc supports -fno-rtti -fno-exceptions
configure:12743: gcc -c -g -O2  -fno-rtti -fno-exceptions conftest.c >&5
configure:12747: $? = 0
configure:12760: result: yes
configure:13118: checking for gcc option to produce PIC
configure:13125: result: -fno-common -DPIC
configure:13133: checking if gcc PIC flag -fno-common -DPIC works
configure:13151: gcc -c -g -O2  -fno-common -DPIC -DPIC conftest.c >&5
configure:13155: $? = 0
configure:13168: result: yes
configure:13197: checking if gcc static flag -static works
configure:13225: result: no
configure:13240: checking if gcc supports -c -o file.o
configure:13261: gcc -c -g -O2  -o out/conftest2.o conftest.c >&5
configure:13265: $? = 0
configure:13287: result: yes
configure:13295: checking if gcc supports -c -o file.o
configure:13342: result: yes
configure:13375: checking whether the gcc linker (/Applications/Xcode.app/Contents/Developer/Toolchains/XcodeDefault.xctoolchain/usr/bin/ld) supports shared libraries
configure:14650: result: yes
configure:14890: checking dynamic linker characteristics
configure:15716: result: darwin20.6.0 dyld
configure:15838: checking how to hardcode library paths into programs
configure:15863: result: immediate
configure:16451: checking whether stripping libraries is possible
configure:16465: result: yes
configure:16491: checking if libtool supports shared libraries
configure:16493: result: yes
configure:16496: checking whether to build shared libraries
configure:16521: result: yes
configure:16524: checking whether to build static libraries
configure:16528: result: yes
configure:16551: checking how to run the C++ preprocessor
configure:16617: result: g++ -E
configure:16637: g++ -E  conftest.cpp
configure:16637: $? = 0
configure:16651: g++ -E  conftest.cpp
conftest.cpp:29:10: fatal error: 'ac_nonexistent.h' file not found
#include <ac_nonexistent.h>
         ^~~~~~~~~~~~~~~~~~
1 error generated.
configure:16651: $? = 1
configure: failed program was:
| /* confdefs.h */
| #define PACKAGE_NAME "IBAMR"
| #define PACKAGE_TARNAME "IBAMR"
| #define PACKAGE_VERSION "171104"
| #define PACKAGE_STRING "IBAMR 171104"
| #define PACKAGE_BUGREPORT "boyceg@gmail.com"
| #define PACKAGE_URL "https://ibamr.github.io"
| #define PACKAGE "IBAMR"
| #define VERSION "171104"
| #define HAVE_CXX11 1
| #define FC_FUNC(name,NAME) name ## _
| #define FC_FUNC_(name,NAME) name ## _
| #define HAVE_MPI 1
| #define HAVE_MPI 1
| #define STDC_HEADERS 1
| #define HAVE_SYS_TYPES_H 1
| #define HAVE_SYS_STAT_H 1
| #define HAVE_STDLIB_H 1
| #define HAVE_STRING_H 1
| #define HAVE_MEMORY_H 1
| #define HAVE_STRINGS_H 1
| #define HAVE_INTTYPES_H 1
| #define HAVE_STDINT_H 1
| #define HAVE_UNISTD_H 1
| #define STDC_HEADERS 1
| #define HAVE_DLFCN_H 1
| #define LT_OBJDIR ".libs/"
| /* end confdefs.h.  */
| #include <ac_nonexistent.h>
configure:16813: checking for ld used by g++
configure:16880: result: /Applications/Xcode.app/Contents/Developer/Toolchains/XcodeDefault.xctoolchain/usr/bin/ld
configure:16887: checking if the linker (/Applications/Xcode.app/Contents/Developer/Toolchains/XcodeDefault.xctoolchain/usr/bin/ld) is GNU ld
configure:16902: result: no
configure:16957: checking whether the g++ linker (/Applications/Xcode.app/Contents/Developer/Toolchains/XcodeDefault.xctoolchain/usr/bin/ld) supports shared libraries
configure:18046: result: yes
configure:18082: g++ -c -g -O2 -std=gnu++11  conftest.cpp >&5
configure:18085: $? = 0
configure:18566: checking for g++ option to produce PIC
configure:18573: result: -fno-common -DPIC
configure:18581: checking if g++ PIC flag -fno-common -DPIC works
configure:18599: g++ -c -g -O2 -std=gnu++11  -fno-common -DPIC -DPIC conftest.cpp >&5
configure:18603: $? = 0
configure:18616: result: yes
configure:18639: checking if g++ static flag -static works
configure:18667: result: no
configure:18679: checking if g++ supports -c -o file.o
configure:18700: g++ -c -g -O2 -std=gnu++11  -o out/conftest2.o conftest.cpp >&5
configure:18704: $? = 0
configure:18726: result: yes
configure:18731: checking if g++ supports -c -o file.o
configure:18778: result: yes
configure:18808: checking whether the g++ linker (/Applications/Xcode.app/Contents/Developer/Toolchains/XcodeDefault.xctoolchain/usr/bin/ld) supports shared libraries
configure:18848: result: yes
configure:18989: checking dynamic linker characteristics
configure:19742: result: darwin20.6.0 dyld
configure:19807: checking how to hardcode library paths into programs
configure:19832: result: immediate
configure:19978: checking if libtool supports shared libraries
configure:19980: result: yes
configure:19983: checking whether to build shared libraries
configure:20007: result: yes
configure:20010: checking whether to build static libraries
configure:20014: result: yes
configure:20048: gfortran -c -g -O2  conftest.f >&5
configure:20051: $? = 0
configure:20511: checking for gfortran option to produce PIC
configure:20518: result: -fno-common
configure:20526: checking if gfortran PIC flag -fno-common works
configure:20544: gfortran -c -g -O2 -fno-common  conftest.f >&5
configure:20548: $? = 0
configure:20561: result: yes
configure:20584: checking if gfortran static flag -static works
configure:20612: result: no
configure:20624: checking if gfortran supports -c -o file.o
configure:20645: gfortran -c -g -O2 -o out/conftest2.o  conftest.f >&5
configure:20649: $? = 0
configure:20671: result: yes
configure:20676: checking if gfortran supports -c -o file.o
configure:20723: result: yes
configure:20753: checking whether the gfortran linker (/Applications/Xcode.app/Contents/Developer/Toolchains/XcodeDefault.xctoolchain/usr/bin/ld) supports shared libraries
configure:21962: result: yes
configure:22103: checking dynamic linker characteristics
configure:22842: result: darwin20.6.0 dyld
configure:22907: checking how to hardcode library paths into programs
configure:22932: result: immediate
configure:22982: checking if the linker (/Applications/Xcode.app/Contents/Developer/Toolchains/XcodeDefault.xctoolchain/usr/bin/ld) is GNU ld
configure:22997: result: no
configure:23011: checking for gm4
configure:23027: found /usr/bin/gm4
configure:23038: result: gm4
configure:23052: checking for grep that handles long lines and -e
configure:23110: result: /usr/bin/grep
configure:23115: checking for a sed that does not truncate output
configure:23179: result: /usr/bin/sed
configure:23185: checking whether compiler supports __builtin_expect keyword
configure:23215: g++ -c -g -O2 -std=gnu++11  conftest.cpp >&5
configure:23215: $? = 0
configure:23218: result: yes
configure:23234: checking whether compiler supports __builtin_prefetch keyword
configure:23258: g++ -c -g -O2 -std=gnu++11  conftest.cpp >&5
configure:23258: $? = 0
configure:23261: result: yes
configure:23319: first check for a system Boost library; if not found, revert to bundled Boost library
configure: this is boost.m4 serial 26
configure:23349: checking for Boost headers version >= 1.57.0
configure:23428: g++ -c -g -O2 -std=gnu++11  conftest.cpp >&5
configure:23428: $? = 0
configure:23449: result: yes
configure:23472: checking for Boost's header version
configure:23503: result: 1_75
configure:23558: checking for ld used by gcc
configure:23625: result: /Applications/Xcode.app/Contents/Developer/Toolchains/XcodeDefault.xctoolchain/usr/bin/ld
configure:23632: checking if the linker (/Applications/Xcode.app/Contents/Developer/Toolchains/XcodeDefault.xctoolchain/usr/bin/ld) is GNU ld
configure:23647: result: no
configure:23654: checking for shared library run path origin
configure:23667: result: done
configure:26905: Optional package libMesh is DISABLED
configure:26923: using PETSC_DIR: /Users/AminKolah/sfw/bigsur/petsc/3.13.4
configure:26925: using PETSC_ARCH: bigsur-opt
configure:26934: checking petsc.h usability
configure:26934: g++ -c -g -O2 -std=gnu++11 -I/Users/AminKolah/sfw/bigsur/petsc/3.13.4/include -I/Users/AminKolah/sfw/bigsur/petsc/3.13.4/bigsur-opt/include  conftest.cpp >&5
configure:26934: $? = 0
configure:26934: result: yes
configure:26934: checking petsc.h presence
configure:26934: g++ -E -I/Users/AminKolah/sfw/bigsur/petsc/3.13.4/include -I/Users/AminKolah/sfw/bigsur/petsc/3.13.4/bigsur-opt/include  conftest.cpp
configure:26934: $? = 0
configure:26934: result: yes
configure:26934: checking for petsc.h
configure:26934: result: yes
configure:26943: checking for PETSc version 3.7 or newer
configure:26976: g++ -c -g -O2 -std=gnu++11 -I/Users/AminKolah/sfw/bigsur/petsc/3.13.4/include -I/Users/AminKolah/sfw/bigsur/petsc/3.13.4/bigsur-opt/include  conftest.cpp >&5
configure:26976: $? = 0
configure:26982: result: yes
configure:26999: checking for VecAssemblyBegin in -lpetsc
configure:27032: g++ -o conftest -g -O2 -std=gnu++11 -I/Users/AminKolah/sfw/bigsur/petsc/3.13.4/include -I/Users/AminKolah/sfw/bigsur/petsc/3.13.4/bigsur-opt/include  -L/Users/AminKolah/sfw/bigsur/petsc/3.13.4/bigsur-opt/lib  conftest.cpp -lpetsc  -Wl,-rpath,/Users/AminKolah/sfw/bigsur/petsc/3.13.4/bigsur-opt/lib -L/Users/AminKolah/sfw/bigsur/petsc/3.13.4/bigsur-opt/lib -Wl,-rpath,/usr/local/Cellar/mpich/3.4.1_1/lib -L/usr/local/Cellar/mpich/3.4.1_1/lib -Wl,-rpath,/usr/local/lib -L/usr/local/lib -Wl,-rpath,/usr/local/Cellar/gcc/10.2.0_4/lib/gcc/10/gcc/x86_64-apple-darwin20/10.2.0 -L/usr/local/Cellar/gcc/10.2.0_4/lib/gcc/10/gcc/x86_64-apple-darwin20/10.2.0 -Wl,-rpath,/usr/local/Cellar/gcc/10.2.0_4/lib/gcc/10 -L/usr/local/Cellar/gcc/10.2.0_4/lib/gcc/10 -lHYPRE -llapack -lblas -lc++ -ldl -lmpifort -lmpi -lpmpi -lgfortran -lquadmath -lm -lc++ -ldl -lmpi  >&5
ld: warning: dylib (/usr/local/Cellar/mpich/3.4.1_1/lib/libmpifort.dylib) was built for newer macOS version (11.2) than being linked (11.0)
ld: warning: dylib (/usr/local/Cellar/gcc/10.2.0_4/lib/gcc/10/libgfortran.dylib) was built for newer macOS version (11.2) than being linked (11.0)
ld: warning: dylib (/usr/local/Cellar/gcc/10.2.0_4/lib/gcc/10/libquadmath.dylib) was built for newer macOS version (11.2) than being linked (11.0)
configure:27032: $? = 0
configure:27041: result: yes
configure:27107: checking boost/multi_array.hpp usability
configure:27107: g++ -c  -g -O2 -std=gnu++11   -I/Users/AminKolah/sfw/bigsur/petsc/3.13.4/include -I/Users/AminKolah/sfw/bigsur/petsc/3.13.4/bigsur-opt/include  conftest.cpp >&5
configure:27107: $? = 0
configure:27107: result: yes
configure:27107: checking boost/multi_array.hpp presence
configure:27107: g++ -E   -I/Users/AminKolah/sfw/bigsur/petsc/3.13.4/include -I/Users/AminKolah/sfw/bigsur/petsc/3.13.4/bigsur-opt/include  conftest.cpp
configure:27107: $? = 0
configure:27107: result: yes
configure:27107: checking for boost/multi_array.hpp
configure:27107: result: yes
configure:27115: checking boost/math/special_functions/round.hpp usability
configure:27115: g++ -c  -g -O2 -std=gnu++11   -I/Users/AminKolah/sfw/bigsur/petsc/3.13.4/include -I/Users/AminKolah/sfw/bigsur/petsc/3.13.4/bigsur-opt/include  conftest.cpp >&5
configure:27115: $? = 0
configure:27115: result: yes
configure:27115: checking boost/math/special_functions/round.hpp presence
configure:27115: g++ -E   -I/Users/AminKolah/sfw/bigsur/petsc/3.13.4/include -I/Users/AminKolah/sfw/bigsur/petsc/3.13.4/bigsur-opt/include  conftest.cpp
configure:27115: $? = 0
configure:27115: result: yes
configure:27115: checking for boost/math/special_functions/round.hpp
configure:27115: result: yes
configure:27123: checking boost/math/tools/roots.hpp usability
configure:27123: g++ -c  -g -O2 -std=gnu++11   -I/Users/AminKolah/sfw/bigsur/petsc/3.13.4/include -I/Users/AminKolah/sfw/bigsur/petsc/3.13.4/bigsur-opt/include  conftest.cpp >&5
configure:27123: $? = 0
configure:27123: result: yes
configure:27123: checking boost/math/tools/roots.hpp presence
configure:27123: g++ -E   -I/Users/AminKolah/sfw/bigsur/petsc/3.13.4/include -I/Users/AminKolah/sfw/bigsur/petsc/3.13.4/bigsur-opt/include  conftest.cpp
In file included from conftest.cpp:36:
In file included from /usr/local/include/boost/math/tools/roots.hpp:23:
/usr/local/include/boost/math/tools/cxx03_warn.hpp:99:1: warning: CAUTION: One or more C++11 features were found to be unavailable [-W#pragma-messages]
BOOST_PRAGMA_MESSAGE("CAUTION: One or more C++11 features were found to be unavailable")
^
/usr/local/include/boost/config/pragma_message.hpp:24:34: note: expanded from macro 'BOOST_PRAGMA_MESSAGE'
# define BOOST_PRAGMA_MESSAGE(x) _Pragma(BOOST_STRINGIZE(message(x)))
                                 ^
<scratch space>:381:2: note: expanded from here
 message("CAUTION: One or more C++11 features were found to be unavailable")
 ^
In file included from conftest.cpp:36:
In file included from /usr/local/include/boost/math/tools/roots.hpp:23:
/usr/local/include/boost/math/tools/cxx03_warn.hpp:100:1: warning: CAUTION: Compiling Boost.Math in pre-C++11 conformance modes is now deprecated and will be removed from March 2021. [-W#pragma-messages]
BOOST_PRAGMA_MESSAGE("CAUTION: Compiling Boost.Math in pre-C++11 conformance modes is now deprecated and will be removed from March 2021.")
^
/usr/local/include/boost/config/pragma_message.hpp:24:34: note: expanded from macro 'BOOST_PRAGMA_MESSAGE'
# define BOOST_PRAGMA_MESSAGE(x) _Pragma(BOOST_STRINGIZE(message(x)))
                                 ^
<scratch space>:384:2: note: expanded from here
 message("CAUTION: Compiling Boost.Math in pre-C++11 conformance modes is now deprecated and will be removed from March 2021.")
 ^
In file included from conftest.cpp:36:
In file included from /usr/local/include/boost/math/tools/roots.hpp:23:
/usr/local/include/boost/math/tools/cxx03_warn.hpp:101:1: warning: CAUTION: Define BOOST_MATH_DISABLE_DEPRECATED_03_WARNING to suppress this message. [-W#pragma-messages]
BOOST_PRAGMA_MESSAGE("CAUTION: Define BOOST_MATH_DISABLE_DEPRECATED_03_WARNING to suppress this message.")
^
/usr/local/include/boost/config/pragma_message.hpp:24:34: note: expanded from macro 'BOOST_PRAGMA_MESSAGE'
# define BOOST_PRAGMA_MESSAGE(x) _Pragma(BOOST_STRINGIZE(message(x)))
                                 ^
<scratch space>:387:2: note: expanded from here
 message("CAUTION: Define BOOST_MATH_DISABLE_DEPRECATED_03_WARNING to suppress this message.")
 ^
In file included from conftest.cpp:36:
In file included from /usr/local/include/boost/math/tools/roots.hpp:23:
/usr/local/include/boost/math/tools/cxx03_warn.hpp:102:1: warning: CAUTION: This message was generated due to the define: BOOST_NO_CXX11_NOEXCEPT [-W#pragma-messages]
BOOST_PRAGMA_MESSAGE("CAUTION: This message was generated due to the define: " BOOST_MATH_CXX03_WARN_REASON)
^
/usr/local/include/boost/config/pragma_message.hpp:24:34: note: expanded from macro 'BOOST_PRAGMA_MESSAGE'
# define BOOST_PRAGMA_MESSAGE(x) _Pragma(BOOST_STRINGIZE(message(x)))
                                 ^
<scratch space>:390:2: note: expanded from here
 message("CAUTION: This message was generated due to the define: " "BOOST_NO_CXX11_NOEXCEPT")
 ^
4 warnings generated.
configure:27123: $? = 0
configure:27123: result: yes
configure:27123: checking for boost/math/tools/roots.hpp
configure:27123: result: yes
configure:27131: checking boost/cstdint.hpp usability
configure:27131: g++ -c  -g -O2 -std=gnu++11   -I/Users/AminKolah/sfw/bigsur/petsc/3.13.4/include -I/Users/AminKolah/sfw/bigsur/petsc/3.13.4/bigsur-opt/include  conftest.cpp >&5
configure:27131: $? = 0
configure:27131: result: yes
configure:27131: checking boost/cstdint.hpp presence
configure:27131: g++ -E   -I/Users/AminKolah/sfw/bigsur/petsc/3.13.4/include -I/Users/AminKolah/sfw/bigsur/petsc/3.13.4/bigsur-opt/include  conftest.cpp
configure:27131: $? = 0
configure:27131: result: yes
configure:27131: checking for boost/cstdint.hpp
configure:27131: result: yes
configure:27186: first check for a system Eigen library; if not found, revert to bundled Eigen library
configure:27216: checking Eigen/Eigen usability
configure:27216: g++ -c   -g -O2 -std=gnu++11      -I/Users/AminKolah/sfw/bigsur/petsc/3.13.4/include -I/Users/AminKolah/sfw/bigsur/petsc/3.13.4/bigsur-opt/include  conftest.cpp >&5
conftest.cpp:69:10: fatal error: 'Eigen/Eigen' file not found
#include <Eigen/Eigen>
         ^~~~~~~~~~~~~
1 error generated.
configure:27216: $? = 1
configure: failed program was:
| /* confdefs.h */
| #define PACKAGE_NAME "IBAMR"
| #define PACKAGE_TARNAME "IBAMR"
| #define PACKAGE_VERSION "171104"
| #define PACKAGE_STRING "IBAMR 171104"
| #define PACKAGE_BUGREPORT "boyceg@gmail.com"
| #define PACKAGE_URL "https://ibamr.github.io"
| #define PACKAGE "IBAMR"
| #define VERSION "171104"
| #define HAVE_CXX11 1
| #define FC_FUNC(name,NAME) name ## _
| #define FC_FUNC_(name,NAME) name ## _
| #define HAVE_MPI 1
| #define HAVE_MPI 1
| #define STDC_HEADERS 1
| #define HAVE_SYS_TYPES_H 1
| #define HAVE_SYS_STAT_H 1
| #define HAVE_STDLIB_H 1
| #define HAVE_STRING_H 1
| #define HAVE_MEMORY_H 1
| #define HAVE_STRINGS_H 1
| #define HAVE_INTTYPES_H 1
| #define HAVE_STDINT_H 1
| #define HAVE_UNISTD_H 1
| #define STDC_HEADERS 1
| #define HAVE_DLFCN_H 1
| #define LT_OBJDIR ".libs/"
| #define HAVE_BUILTIN_EXPECT 1
| #define HAVE_BUILTIN_PREFETCH 1
| #define VERSION_MAJOR 0.9.0-pre
| #define VERSION_MINOR 0.9.0-pre
| #define VERSION_SUBMINOR 0.9.0-pre
| #define HAVE_BOOST 1
| #define HAVE_LIBPETSC 1
| /* end confdefs.h.  */
| #include <stdio.h>
| #ifdef HAVE_SYS_TYPES_H
| # include <sys/types.h>
| #endif
| #ifdef HAVE_SYS_STAT_H
| # include <sys/stat.h>
| #endif
| #ifdef STDC_HEADERS
| # include <stdlib.h>
| # include <stddef.h>
| #else
| # ifdef HAVE_STDLIB_H
| #  include <stdlib.h>
| # endif
| #endif
| #ifdef HAVE_STRING_H
| # if !defined STDC_HEADERS && defined HAVE_MEMORY_H
| #  include <memory.h>
| # endif
| # include <string.h>
| #endif
| #ifdef HAVE_STRINGS_H
| # include <strings.h>
| #endif
| #ifdef HAVE_INTTYPES_H
| # include <inttypes.h>
| #endif
| #ifdef HAVE_STDINT_H
| # include <stdint.h>
| #endif
| #ifdef HAVE_UNISTD_H
| # include <unistd.h>
| #endif
| #include <Eigen/Eigen>
configure:27216: result: no
configure:27216: checking Eigen/Eigen presence
configure:27216: g++ -E      -I/Users/AminKolah/sfw/bigsur/petsc/3.13.4/include -I/Users/AminKolah/sfw/bigsur/petsc/3.13.4/bigsur-opt/include  conftest.cpp
conftest.cpp:36:10: fatal error: 'Eigen/Eigen' file not found
#include <Eigen/Eigen>
         ^~~~~~~~~~~~~
1 error generated.
configure:27216: $? = 1
configure: failed program was:
| /* confdefs.h */
| #define PACKAGE_NAME "IBAMR"
| #define PACKAGE_TARNAME "IBAMR"
| #define PACKAGE_VERSION "171104"
| #define PACKAGE_STRING "IBAMR 171104"
| #define PACKAGE_BUGREPORT "boyceg@gmail.com"
| #define PACKAGE_URL "https://ibamr.github.io"
| #define PACKAGE "IBAMR"
| #define VERSION "171104"
| #define HAVE_CXX11 1
| #define FC_FUNC(name,NAME) name ## _
| #define FC_FUNC_(name,NAME) name ## _
| #define HAVE_MPI 1
| #define HAVE_MPI 1
| #define STDC_HEADERS 1
| #define HAVE_SYS_TYPES_H 1
| #define HAVE_SYS_STAT_H 1
| #define HAVE_STDLIB_H 1
| #define HAVE_STRING_H 1
| #define HAVE_MEMORY_H 1
| #define HAVE_STRINGS_H 1
| #define HAVE_INTTYPES_H 1
| #define HAVE_STDINT_H 1
| #define HAVE_UNISTD_H 1
| #define STDC_HEADERS 1
| #define HAVE_DLFCN_H 1
| #define LT_OBJDIR ".libs/"
| #define HAVE_BUILTIN_EXPECT 1
| #define HAVE_BUILTIN_PREFETCH 1
| #define VERSION_MAJOR 0.9.0-pre
| #define VERSION_MINOR 0.9.0-pre
| #define VERSION_SUBMINOR 0.9.0-pre
| #define HAVE_BOOST 1
| #define HAVE_LIBPETSC 1
| /* end confdefs.h.  */
| #include <Eigen/Eigen>
configure:27216: result: no
configure:27216: checking for Eigen/Eigen
configure:27216: result: no
configure:27237: could not find system Eigen library, using bundled Eigen library
configure:27268: checking Eigen/Eigen usability
configure:27268: g++ -c   -g -O2 -std=gnu++11 -I/Users/AminKolah/sfw/bigsur/ibamr/source/IBAMR/ibtk/contrib/eigen     -I/Users/AminKolah/sfw/bigsur/petsc/3.13.4/include -I/Users/AminKolah/sfw/bigsur/petsc/3.13.4/bigsur-opt/include  conftest.cpp >&5
configure:27268: $? = 0
configure:27268: result: yes
configure:27268: checking Eigen/Eigen presence
configure:27268: g++ -E -I/Users/AminKolah/sfw/bigsur/ibamr/source/IBAMR/ibtk/contrib/eigen     -I/Users/AminKolah/sfw/bigsur/petsc/3.13.4/include -I/Users/AminKolah/sfw/bigsur/petsc/3.13.4/bigsur-opt/include  conftest.cpp
configure:27268: $? = 0
configure:27268: result: yes
configure:27268: checking for Eigen/Eigen
configure:27268: result: yes
configure:27307: checking for Eigen version >= 3.2.5
configure:27335: g++ -c  -g -O2 -std=gnu++11 -I/Users/AminKolah/sfw/bigsur/ibamr/source/IBAMR/ibtk/contrib/eigen   -I/Users/AminKolah/sfw/bigsur/petsc/3.13.4/include -I/Users/AminKolah/sfw/bigsur/petsc/3.13.4/bigsur-opt/include  conftest.cpp >&5
configure:27335: $? = 0
configure:27341: result: yes
configure:28569: Optional package GNU Scientific Library is DISABLED
configure:28621: checking hdf5.h usability
configure:28621: g++ -c  -g -O2 -std=gnu++11    -I/Users/AminKolah/sfw/bigsur/petsc/3.13.4/include -I/Users/AminKolah/sfw/bigsur/petsc/3.13.4/bigsur-opt/include  conftest.cpp >&5
configure:28621: $? = 0
configure:28621: result: yes
configure:28621: checking hdf5.h presence
configure:28621: g++ -E    -I/Users/AminKolah/sfw/bigsur/petsc/3.13.4/include -I/Users/AminKolah/sfw/bigsur/petsc/3.13.4/bigsur-opt/include  conftest.cpp
configure:28621: $? = 0
configure:28621: result: yes
configure:28621: checking for hdf5.h
configure:28621: result: yes
configure:28632: checking for H5open in -lhdf5
configure:28665: g++ -o conftest  -g -O2 -std=gnu++11    -I/Users/AminKolah/sfw/bigsur/petsc/3.13.4/include -I/Users/AminKolah/sfw/bigsur/petsc/3.13.4/bigsur-opt/include     -L/Users/AminKolah/sfw/bigsur/petsc/3.13.4/bigsur-opt/lib  conftest.cpp -lhdf5   -lpetsc -Wl,-rpath,/Users/AminKolah/sfw/bigsur/petsc/3.13.4/bigsur-opt/lib -L/Users/AminKolah/sfw/bigsur/petsc/3.13.4/bigsur-opt/lib -Wl,-rpath,/usr/local/Cellar/mpich/3.4.1_1/lib -L/usr/local/Cellar/mpich/3.4.1_1/lib -Wl,-rpath,/usr/local/lib -L/usr/local/lib -Wl,-rpath,/usr/local/Cellar/gcc/10.2.0_4/lib/gcc/10/gcc/x86_64-apple-darwin20/10.2.0 -L/usr/local/Cellar/gcc/10.2.0_4/lib/gcc/10/gcc/x86_64-apple-darwin20/10.2.0 -Wl,-rpath,/usr/local/Cellar/gcc/10.2.0_4/lib/gcc/10 -L/usr/local/Cellar/gcc/10.2.0_4/lib/gcc/10 -lHYPRE -llapack -lblas -lc++ -ldl -lmpifort -lmpi -lpmpi -lgfortran -lquadmath -lm -lc++ -ldl -lmpi  >&5
ld: warning: dylib (/usr/local/Cellar/mpich/3.4.1_1/lib/libmpifort.dylib) was built for newer macOS version (11.2) than being linked (11.0)
ld: warning: dylib (/usr/local/Cellar/gcc/10.2.0_4/lib/gcc/10/libgfortran.dylib) was built for newer macOS version (11.2) than being linked (11.0)
ld: warning: dylib (/usr/local/Cellar/gcc/10.2.0_4/lib/gcc/10/libquadmath.dylib) was built for newer macOS version (11.2) than being linked (11.0)
configure:28665: $? = 0
configure:28674: result: yes
configure:28699: checking for HDF5 version >= 1.8.7
configure:28727: g++ -c  -g -O2 -std=gnu++11    -I/Users/AminKolah/sfw/bigsur/petsc/3.13.4/include -I/Users/AminKolah/sfw/bigsur/petsc/3.13.4/bigsur-opt/include  conftest.cpp >&5
configure:28727: $? = 0
configure:28733: result: yes
configure:28748: PETSc appears to provide hypre; using PETSc hypre library
configure:28896: first check for a system muParser library; if not found, revert to bundled muParser library
configure:28901: checking muParser.h usability
configure:28901: g++ -c   -g -O2 -std=gnu++11  -I/Users/AminKolah/sfw/bigsur/ibamr/source/IBAMR/ibtk/contrib/eigen      -I/Users/AminKolah/sfw/bigsur/petsc/3.13.4/include -I/Users/AminKolah/sfw/bigsur/petsc/3.13.4/bigsur-opt/include  conftest.cpp >&5
conftest.cpp:70:10: fatal error: 'muParser.h' file not found
#include <muParser.h>
         ^~~~~~~~~~~~
1 error generated.
configure:28901: $? = 1
configure: failed program was:
| /* confdefs.h */
| #define PACKAGE_NAME "IBAMR"
| #define PACKAGE_TARNAME "IBAMR"
| #define PACKAGE_VERSION "171104"
| #define PACKAGE_STRING "IBAMR 171104"
| #define PACKAGE_BUGREPORT "boyceg@gmail.com"
| #define PACKAGE_URL "https://ibamr.github.io"
| #define PACKAGE "IBAMR"
| #define VERSION "171104"
| #define HAVE_CXX11 1
| #define FC_FUNC(name,NAME) name ## _
| #define FC_FUNC_(name,NAME) name ## _
| #define HAVE_MPI 1
| #define HAVE_MPI 1
| #define STDC_HEADERS 1
| #define HAVE_SYS_TYPES_H 1
| #define HAVE_SYS_STAT_H 1
| #define HAVE_STDLIB_H 1
| #define HAVE_STRING_H 1
| #define HAVE_MEMORY_H 1
| #define HAVE_STRINGS_H 1
| #define HAVE_INTTYPES_H 1
| #define HAVE_STDINT_H 1
| #define HAVE_UNISTD_H 1
| #define STDC_HEADERS 1
| #define HAVE_DLFCN_H 1
| #define LT_OBJDIR ".libs/"
| #define HAVE_BUILTIN_EXPECT 1
| #define HAVE_BUILTIN_PREFETCH 1
| #define VERSION_MAJOR 0.9.0-pre
| #define VERSION_MINOR 0.9.0-pre
| #define VERSION_SUBMINOR 0.9.0-pre
| #define HAVE_BOOST 1
| #define HAVE_LIBPETSC 1
| #define HAVE_LIBHDF5 1
| /* end confdefs.h.  */
| #include <stdio.h>
| #ifdef HAVE_SYS_TYPES_H
| # include <sys/types.h>
| #endif
| #ifdef HAVE_SYS_STAT_H
| # include <sys/stat.h>
| #endif
| #ifdef STDC_HEADERS
| # include <stdlib.h>
| # include <stddef.h>
| #else
| # ifdef HAVE_STDLIB_H
| #  include <stdlib.h>
| # endif
| #endif
| #ifdef HAVE_STRING_H
| # if !defined STDC_HEADERS && defined HAVE_MEMORY_H
| #  include <memory.h>
| # endif
| # include <string.h>
| #endif
| #ifdef HAVE_STRINGS_H
| # include <strings.h>
| #endif
| #ifdef HAVE_INTTYPES_H
| # include <inttypes.h>
| #endif
| #ifdef HAVE_STDINT_H
| # include <stdint.h>
| #endif
| #ifdef HAVE_UNISTD_H
| # include <unistd.h>
| #endif
| #include <muParser.h>
configure:28901: result: no
configure:28901: checking muParser.h presence
configure:28901: g++ -E  -I/Users/AminKolah/sfw/bigsur/ibamr/source/IBAMR/ibtk/contrib/eigen      -I/Users/AminKolah/sfw/bigsur/petsc/3.13.4/include -I/Users/AminKolah/sfw/bigsur/petsc/3.13.4/bigsur-opt/include  conftest.cpp
conftest.cpp:37:10: fatal error: 'muParser.h' file not found
#include <muParser.h>
         ^~~~~~~~~~~~
1 error generated.
configure:28901: $? = 1
configure: failed program was:
| /* confdefs.h */
| #define PACKAGE_NAME "IBAMR"
| #define PACKAGE_TARNAME "IBAMR"
| #define PACKAGE_VERSION "171104"
| #define PACKAGE_STRING "IBAMR 171104"
| #define PACKAGE_BUGREPORT "boyceg@gmail.com"
| #define PACKAGE_URL "https://ibamr.github.io"
| #define PACKAGE "IBAMR"
| #define VERSION "171104"
| #define HAVE_CXX11 1
| #define FC_FUNC(name,NAME) name ## _
| #define FC_FUNC_(name,NAME) name ## _
| #define HAVE_MPI 1
| #define HAVE_MPI 1
| #define STDC_HEADERS 1
| #define HAVE_SYS_TYPES_H 1
| #define HAVE_SYS_STAT_H 1
| #define HAVE_STDLIB_H 1
| #define HAVE_STRING_H 1
| #define HAVE_MEMORY_H 1
| #define HAVE_STRINGS_H 1
| #define HAVE_INTTYPES_H 1
| #define HAVE_STDINT_H 1
| #define HAVE_UNISTD_H 1
| #define STDC_HEADERS 1
| #define HAVE_DLFCN_H 1
| #define LT_OBJDIR ".libs/"
| #define HAVE_BUILTIN_EXPECT 1
| #define HAVE_BUILTIN_PREFETCH 1
| #define VERSION_MAJOR 0.9.0-pre
| #define VERSION_MINOR 0.9.0-pre
| #define VERSION_SUBMINOR 0.9.0-pre
| #define HAVE_BOOST 1
| #define HAVE_LIBPETSC 1
| #define HAVE_LIBHDF5 1
| /* end confdefs.h.  */
| #include <muParser.h>
configure:28901: result: no
configure:28901: checking for muParser.h
configure:28901: result: no
configure:30050: could not find system muParser library, using bundled muParser library
configure:30059: checking muParser.h usability
configure:30059: g++ -c   -g -O2 -std=gnu++11 -I/Users/AminKolah/sfw/bigsur/ibamr/source/IBAMR/ibtk/contrib/muparser/include -I/Users/AminKolah/sfw/bigsur/ibamr/source/IBAMR/ibtk/contrib/eigen      -I/Users/AminKolah/sfw/bigsur/petsc/3.13.4/include -I/Users/AminKolah/sfw/bigsur/petsc/3.13.4/bigsur-opt/include  conftest.cpp >&5
configure:30059: $? = 0
configure:30059: result: yes
configure:30059: checking muParser.h presence
configure:30059: g++ -E -I/Users/AminKolah/sfw/bigsur/ibamr/source/IBAMR/ibtk/contrib/muparser/include -I/Users/AminKolah/sfw/bigsur/ibamr/source/IBAMR/ibtk/contrib/eigen      -I/Users/AminKolah/sfw/bigsur/petsc/3.13.4/include -I/Users/AminKolah/sfw/bigsur/petsc/3.13.4/bigsur-opt/include  conftest.cpp
configure:30059: $? = 0
configure:30059: result: yes
configure:30059: checking for muParser.h
configure:30059: result: yes
configure:30188: checking for library containing compress2
configure:30227: g++ -o conftest  -g -O2 -std=gnu++11    -I/Users/AminKolah/sfw/bigsur/petsc/3.13.4/include -I/Users/AminKolah/sfw/bigsur/petsc/3.13.4/bigsur-opt/include      -L/Users/AminKolah/sfw/bigsur/petsc/3.13.4/bigsur-opt/lib  conftest.cpp -lhdf5  -lpetsc -Wl,-rpath,/Users/AminKolah/sfw/bigsur/petsc/3.13.4/bigsur-opt/lib -L/Users/AminKolah/sfw/bigsur/petsc/3.13.4/bigsur-opt/lib -Wl,-rpath,/usr/local/Cellar/mpich/3.4.1_1/lib -L/usr/local/Cellar/mpich/3.4.1_1/lib -Wl,-rpath,/usr/local/lib -L/usr/local/lib -Wl,-rpath,/usr/local/Cellar/gcc/10.2.0_4/lib/gcc/10/gcc/x86_64-apple-darwin20/10.2.0 -L/usr/local/Cellar/gcc/10.2.0_4/lib/gcc/10/gcc/x86_64-apple-darwin20/10.2.0 -Wl,-rpath,/usr/local/Cellar/gcc/10.2.0_4/lib/gcc/10 -L/usr/local/Cellar/gcc/10.2.0_4/lib/gcc/10 -lHYPRE -llapack -lblas -lc++ -ldl -lmpifort -lmpi -lpmpi -lgfortran -lquadmath -lm -lc++ -ldl -lmpi  >&5
ld: warning: dylib (/usr/local/Cellar/mpich/3.4.1_1/lib/libmpifort.dylib) was built for newer macOS version (11.2) than being linked (11.0)
ld: warning: dylib (/usr/local/Cellar/gcc/10.2.0_4/lib/gcc/10/libgfortran.dylib) was built for newer macOS version (11.2) than being linked (11.0)
ld: warning: dylib (/usr/local/Cellar/gcc/10.2.0_4/lib/gcc/10/libquadmath.dylib) was built for newer macOS version (11.2) than being linked (11.0)
Undefined symbols for architecture x86_64:
  "_compress2", referenced from:
      _main in conftest-d01204.o
ld: symbol(s) not found for architecture x86_64
clang: error: linker command failed with exit code 1 (use -v to see invocation)
configure:30227: $? = 1
configure: failed program was:
| /* confdefs.h */
| #define PACKAGE_NAME "IBAMR"
| #define PACKAGE_TARNAME "IBAMR"
| #define PACKAGE_VERSION "171104"
| #define PACKAGE_STRING "IBAMR 171104"
| #define PACKAGE_BUGREPORT "boyceg@gmail.com"
| #define PACKAGE_URL "https://ibamr.github.io"
| #define PACKAGE "IBAMR"
| #define VERSION "171104"
| #define HAVE_CXX11 1
| #define FC_FUNC(name,NAME) name ## _
| #define FC_FUNC_(name,NAME) name ## _
| #define HAVE_MPI 1
| #define HAVE_MPI 1
| #define STDC_HEADERS 1
| #define HAVE_SYS_TYPES_H 1
| #define HAVE_SYS_STAT_H 1
| #define HAVE_STDLIB_H 1
| #define HAVE_STRING_H 1
| #define HAVE_MEMORY_H 1
| #define HAVE_STRINGS_H 1
| #define HAVE_INTTYPES_H 1
| #define HAVE_STDINT_H 1
| #define HAVE_UNISTD_H 1
| #define STDC_HEADERS 1
| #define HAVE_DLFCN_H 1
| #define LT_OBJDIR ".libs/"
| #define HAVE_BUILTIN_EXPECT 1
| #define HAVE_BUILTIN_PREFETCH 1
| #define VERSION_MAJOR 0.9.0-pre
| #define VERSION_MINOR 0.9.0-pre
| #define VERSION_SUBMINOR 0.9.0-pre
| #define HAVE_BOOST 1
| #define HAVE_LIBPETSC 1
| #define HAVE_LIBHDF5 1
| #define HAVE_LIBMUPARSER 1
| /* end confdefs.h.  */
| 
| /* Override any GCC internal prototype to avoid an error.
|    Use char because int might match the return type of a GCC
|    builtin and then its argument prototype would still apply.  */
| #ifdef __cplusplus
| extern "C"
| #endif
| char compress2 ();
| #ifdef FC_DUMMY_MAIN
| #ifndef FC_DUMMY_MAIN_EQ_F77
| #  ifdef __cplusplus
|      extern "C"
| #  endif
|    int FC_DUMMY_MAIN() { return 1; }
| #endif
| #endif
| int
| main ()
| {
| return compress2 ();
|   ;
|   return 0;
| }
configure:30227: g++ -o conftest  -g -O2 -std=gnu++11    -I/Users/AminKolah/sfw/bigsur/petsc/3.13.4/include -I/Users/AminKolah/sfw/bigsur/petsc/3.13.4/bigsur-opt/include      -L/Users/AminKolah/sfw/bigsur/petsc/3.13.4/bigsur-opt/lib  conftest.cpp -lz  -lhdf5  -lpetsc -Wl,-rpath,/Users/AminKolah/sfw/bigsur/petsc/3.13.4/bigsur-opt/lib -L/Users/AminKolah/sfw/bigsur/petsc/3.13.4/bigsur-opt/lib -Wl,-rpath,/usr/local/Cellar/mpich/3.4.1_1/lib -L/usr/local/Cellar/mpich/3.4.1_1/lib -Wl,-rpath,/usr/local/lib -L/usr/local/lib -Wl,-rpath,/usr/local/Cellar/gcc/10.2.0_4/lib/gcc/10/gcc/x86_64-apple-darwin20/10.2.0 -L/usr/local/Cellar/gcc/10.2.0_4/lib/gcc/10/gcc/x86_64-apple-darwin20/10.2.0 -Wl,-rpath,/usr/local/Cellar/gcc/10.2.0_4/lib/gcc/10 -L/usr/local/Cellar/gcc/10.2.0_4/lib/gcc/10 -lHYPRE -llapack -lblas -lc++ -ldl -lmpifort -lmpi -lpmpi -lgfortran -lquadmath -lm -lc++ -ldl -lmpi  >&5
ld: warning: dylib (/usr/local/Cellar/mpich/3.4.1_1/lib/libmpifort.dylib) was built for newer macOS version (11.2) than being linked (11.0)
ld: warning: dylib (/usr/local/Cellar/gcc/10.2.0_4/lib/gcc/10/libgfortran.dylib) was built for newer macOS version (11.2) than being linked (11.0)
ld: warning: dylib (/usr/local/Cellar/gcc/10.2.0_4/lib/gcc/10/libquadmath.dylib) was built for newer macOS version (11.2) than being linked (11.0)
configure:30227: $? = 0
configure:30244: result: -lz
configure:30258: checking silo.h usability
configure:30258: g++ -c  -g -O2 -std=gnu++11     -I/Users/AminKolah/sfw/bigsur/petsc/3.13.4/include -I/Users/AminKolah/sfw/bigsur/petsc/3.13.4/bigsur-opt/include  conftest.cpp >&5
conftest.cpp:71:10: fatal error: 'silo.h' file not found
#include <silo.h>
         ^~~~~~~~
1 error generated.
configure:30258: $? = 1
configure: failed program was:
| /* confdefs.h */
| #define PACKAGE_NAME "IBAMR"
| #define PACKAGE_TARNAME "IBAMR"
| #define PACKAGE_VERSION "171104"
| #define PACKAGE_STRING "IBAMR 171104"
| #define PACKAGE_BUGREPORT "boyceg@gmail.com"
| #define PACKAGE_URL "https://ibamr.github.io"
| #define PACKAGE "IBAMR"
| #define VERSION "171104"
| #define HAVE_CXX11 1
| #define FC_FUNC(name,NAME) name ## _
| #define FC_FUNC_(name,NAME) name ## _
| #define HAVE_MPI 1
| #define HAVE_MPI 1
| #define STDC_HEADERS 1
| #define HAVE_SYS_TYPES_H 1
| #define HAVE_SYS_STAT_H 1
| #define HAVE_STDLIB_H 1
| #define HAVE_STRING_H 1
| #define HAVE_MEMORY_H 1
| #define HAVE_STRINGS_H 1
| #define HAVE_INTTYPES_H 1
| #define HAVE_STDINT_H 1
| #define HAVE_UNISTD_H 1
| #define STDC_HEADERS 1
| #define HAVE_DLFCN_H 1
| #define LT_OBJDIR ".libs/"
| #define HAVE_BUILTIN_EXPECT 1
| #define HAVE_BUILTIN_PREFETCH 1
| #define VERSION_MAJOR 0.9.0-pre
| #define VERSION_MINOR 0.9.0-pre
| #define VERSION_SUBMINOR 0.9.0-pre
| #define HAVE_BOOST 1
| #define HAVE_LIBPETSC 1
| #define HAVE_LIBHDF5 1
| #define HAVE_LIBMUPARSER 1
| /* end confdefs.h.  */
| #include <stdio.h>
| #ifdef HAVE_SYS_TYPES_H
| # include <sys/types.h>
| #endif
| #ifdef HAVE_SYS_STAT_H
| # include <sys/stat.h>
| #endif
| #ifdef STDC_HEADERS
| # include <stdlib.h>
| # include <stddef.h>
| #else
| # ifdef HAVE_STDLIB_H
| #  include <stdlib.h>
| # endif
| #endif
| #ifdef HAVE_STRING_H
| # if !defined STDC_HEADERS && defined HAVE_MEMORY_H
| #  include <memory.h>
| # endif
| # include <string.h>
| #endif
| #ifdef HAVE_STRINGS_H
| # include <strings.h>
| #endif
| #ifdef HAVE_INTTYPES_H
| # include <inttypes.h>
| #endif
| #ifdef HAVE_STDINT_H
| # include <stdint.h>
| #endif
| #ifdef HAVE_UNISTD_H
| # include <unistd.h>
| #endif
| #include <silo.h>
configure:30258: result: no
configure:30258: checking silo.h presence
configure:30258: g++ -E     -I/Users/AminKolah/sfw/bigsur/petsc/3.13.4/include -I/Users/AminKolah/sfw/bigsur/petsc/3.13.4/bigsur-opt/include  conftest.cpp
conftest.cpp:38:10: fatal error: 'silo.h' file not found
#include <silo.h>
         ^~~~~~~~
1 error generated.
configure:30258: $? = 1
configure: failed program was:
| /* confdefs.h */
| #define PACKAGE_NAME "IBAMR"
| #define PACKAGE_TARNAME "IBAMR"
| #define PACKAGE_VERSION "171104"
| #define PACKAGE_STRING "IBAMR 171104"
| #define PACKAGE_BUGREPORT "boyceg@gmail.com"
| #define PACKAGE_URL "https://ibamr.github.io"
| #define PACKAGE "IBAMR"
| #define VERSION "171104"
| #define HAVE_CXX11 1
| #define FC_FUNC(name,NAME) name ## _
| #define FC_FUNC_(name,NAME) name ## _
| #define HAVE_MPI 1
| #define HAVE_MPI 1
| #define STDC_HEADERS 1
| #define HAVE_SYS_TYPES_H 1
| #define HAVE_SYS_STAT_H 1
| #define HAVE_STDLIB_H 1
| #define HAVE_STRING_H 1
| #define HAVE_MEMORY_H 1
| #define HAVE_STRINGS_H 1
| #define HAVE_INTTYPES_H 1
| #define HAVE_STDINT_H 1
| #define HAVE_UNISTD_H 1
| #define STDC_HEADERS 1
| #define HAVE_DLFCN_H 1
| #define LT_OBJDIR ".libs/"
| #define HAVE_BUILTIN_EXPECT 1
| #define HAVE_BUILTIN_PREFETCH 1
| #define VERSION_MAJOR 0.9.0-pre
| #define VERSION_MINOR 0.9.0-pre
| #define VERSION_SUBMINOR 0.9.0-pre
| #define HAVE_BOOST 1
| #define HAVE_LIBPETSC 1
| #define HAVE_LIBHDF5 1
| #define HAVE_LIBMUPARSER 1
| /* end confdefs.h.  */
| #include <silo.h>
configure:30258: result: no
configure:30258: checking for silo.h
configure:30258: result: no
configure:30262: error: Silo enabled but could not find working silo.h

## ---------------- ##
## Cache variables. ##
## ---------------- ##

ac_cv_build=x86_64-apple-darwin20.6.0
ac_cv_c_compiler_gnu=yes
ac_cv_cxx_compiler_gnu=yes
ac_cv_env_BOOST_ROOT_set=
ac_cv_env_BOOST_ROOT_value=
ac_cv_env_CCC_set=
ac_cv_env_CCC_value=
ac_cv_env_CC_set=
ac_cv_env_CC_value=
ac_cv_env_CFLAGS_set=
ac_cv_env_CFLAGS_value=
ac_cv_env_CPPFLAGS_set=
ac_cv_env_CPPFLAGS_value=
ac_cv_env_CPP_set=
ac_cv_env_CPP_value=
ac_cv_env_CXXCPP_set=
ac_cv_env_CXXCPP_value=
ac_cv_env_CXXFLAGS_set=
ac_cv_env_CXXFLAGS_value=
ac_cv_env_CXX_set=
ac_cv_env_CXX_value=
ac_cv_env_FCFLAGS_set=
ac_cv_env_FCFLAGS_value=
ac_cv_env_FCLIBS_set=
ac_cv_env_FCLIBS_value=
ac_cv_env_FC_set=
ac_cv_env_FC_value=
ac_cv_env_LDFLAGS_set=
ac_cv_env_LDFLAGS_value=
ac_cv_env_LIBS_set=
ac_cv_env_LIBS_value=
ac_cv_env_LT_SYS_LIBRARY_PATH_set=
ac_cv_env_LT_SYS_LIBRARY_PATH_value=
ac_cv_env_MPICC_set=
ac_cv_env_MPICC_value=
ac_cv_env_MPICXX_set=
ac_cv_env_MPICXX_value=
ac_cv_env_PETSC_ARCH_set=set
ac_cv_env_PETSC_ARCH_value=bigsur-opt
ac_cv_env_PETSC_DIR_set=set
ac_cv_env_PETSC_DIR_value=/Users/AminKolah/sfw/bigsur/petsc/3.13.4
ac_cv_env_build_alias_set=
ac_cv_env_build_alias_value=
ac_cv_env_host_alias_set=
ac_cv_env_host_alias_value=
ac_cv_env_target_alias_set=
ac_cv_env_target_alias_value=
ac_cv_fc_compiler_gnu=yes
ac_cv_fc_dummy_main=none
ac_cv_fc_libs=' -L/usr/local/Cellar/gcc/10.2.0_4/lib/gcc/10/gcc/x86_64-apple-darwin20/10.2.0 -L/usr/local/Cellar/gcc/10.2.0_4/lib/gcc/10/gcc/x86_64-apple-darwin20/10.2.0/../../.. -lgfortran -lquadmath -lm'
ac_cv_fc_mangling='lower case, underscore, no extra underscore'
ac_cv_fc_srcext_f=none
ac_cv_fortran_dummy_main=none
ac_cv_header_Eigen_Eigen=yes
ac_cv_header_boost_cstdint_hpp=yes
ac_cv_header_boost_math_special_functions_round_hpp=yes
ac_cv_header_boost_math_tools_roots_hpp=yes
ac_cv_header_boost_multi_array_hpp=yes
ac_cv_header_dlfcn_h=yes
ac_cv_header_hdf5_h=yes
ac_cv_header_inttypes_h=yes
ac_cv_header_memory_h=yes
ac_cv_header_muParser_h=yes
ac_cv_header_petsc_h=yes
ac_cv_header_silo_h=no
ac_cv_header_stdc=yes
ac_cv_header_stdint_h=yes
ac_cv_header_stdlib_h=yes
ac_cv_header_string_h=yes
ac_cv_header_strings_h=yes
ac_cv_header_sys_stat_h=yes
ac_cv_header_sys_types_h=yes
ac_cv_header_sys_types_h_makedev=yes
ac_cv_header_unistd_h=yes
ac_cv_host=x86_64-apple-darwin20.6.0
ac_cv_lib_hdf5_H5open=yes
ac_cv_lib_petsc_VecAssemblyBegin=yes
ac_cv_objext=o
ac_cv_path_EGREP='/usr/bin/grep -E'
ac_cv_path_FGREP='/usr/bin/grep -F'
ac_cv_path_GREP=/usr/bin/grep
ac_cv_path_SED=/usr/bin/sed
ac_cv_path_install='/usr/bin/install -c'
ac_cv_path_lt_DD=/bin/dd
ac_cv_prog_AWK=gawk
ac_cv_prog_CPP='gcc -E'
ac_cv_prog_CXXCPP='g++ -E'
ac_cv_prog_M4=gm4
ac_cv_prog_ac_ct_AR=ar
ac_cv_prog_ac_ct_CC=gcc
ac_cv_prog_ac_ct_CXX=g++
ac_cv_prog_ac_ct_DSYMUTIL=dsymutil
ac_cv_prog_ac_ct_FC=gfortran
ac_cv_prog_ac_ct_LIPO=lipo
ac_cv_prog_ac_ct_NMEDIT=nmedit
ac_cv_prog_ac_ct_OBJDUMP=objdump
ac_cv_prog_ac_ct_OTOOL=otool
ac_cv_prog_ac_ct_RANLIB=ranlib
ac_cv_prog_ac_ct_STRIP=strip
ac_cv_prog_cc_c89=
ac_cv_prog_cc_g=yes
ac_cv_prog_cxx_g=yes
ac_cv_prog_fc_g=yes
ac_cv_prog_fc_v=-v
ac_cv_prog_make_make_set=yes
ac_cv_search_compress2=-lz
acl_cv_hardcode_direct=no
acl_cv_hardcode_libdir_flag_spec=
acl_cv_hardcode_libdir_separator=
acl_cv_hardcode_minus_L=no
acl_cv_libext=a
acl_cv_libname_spec='lib$name'
acl_cv_library_names_spec='$libname$shrext'
acl_cv_path_LD=/Applications/Xcode.app/Contents/Developer/Toolchains/XcodeDefault.xctoolchain/usr/bin/ld
acl_cv_prog_gnu_ld=no
acl_cv_rpath=done
acl_cv_shlibext=dylib
acl_cv_wl=-Wl,
am_cv_CC_dependencies_compiler_type=gcc3
am_cv_CXX_dependencies_compiler_type=gcc3
am_cv_make_support_nested_variables=yes
am_cv_prog_cc_c_o=yes
ax_cv_cxx_compile_cxx11=no
ax_cv_cxx_compile_cxx11__std_gnupp11=yes
boost_cv_inc_path=yes
boost_cv_lib_version=1_75
lt_cv_apple_cc_single_mod=yes
lt_cv_ar_at_file=no
lt_cv_deplibs_check_method=pass_all
lt_cv_file_magic_cmd='$MAGIC_CMD'
lt_cv_file_magic_test_file=
lt_cv_ld_exported_symbols_list=yes
lt_cv_ld_force_load=yes
lt_cv_ld_reload_flag=-r
lt_cv_nm_interface='BSD nm'
lt_cv_objdir=.libs
lt_cv_path_LD=/Applications/Xcode.app/Contents/Developer/Toolchains/XcodeDefault.xctoolchain/usr/bin/ld
lt_cv_path_LDCXX=/Applications/Xcode.app/Contents/Developer/Toolchains/XcodeDefault.xctoolchain/usr/bin/ld
lt_cv_path_NM='/usr/bin/nm -B'
lt_cv_path_mainfest_tool=no
lt_cv_prog_compiler_c_o=yes
lt_cv_prog_compiler_c_o_CXX=yes
lt_cv_prog_compiler_c_o_FC=yes
lt_cv_prog_compiler_pic='-fno-common -DPIC'
lt_cv_prog_compiler_pic_CXX='-fno-common -DPIC'
lt_cv_prog_compiler_pic_FC=-fno-common
lt_cv_prog_compiler_pic_works=yes
lt_cv_prog_compiler_pic_works_CXX=yes
lt_cv_prog_compiler_pic_works_FC=yes
lt_cv_prog_compiler_rtti_exceptions=yes
lt_cv_prog_compiler_static_works=no
lt_cv_prog_compiler_static_works_CXX=no
lt_cv_prog_compiler_static_works_FC=no
lt_cv_prog_gnu_ld=no
lt_cv_prog_gnu_ldcxx=no
lt_cv_sharedlib_from_linklib_cmd='printf %s\n'
lt_cv_sys_global_symbol_pipe='sed -n -e '\''s/^.*[	 ]\([BCDEGRST][BCDEGRST]*\)[	 ][	 ]*_\([_A-Za-z][_A-Za-z0-9]*\)$/\1 _\2 \2/p'\'' | sed '\''/ __gnu_lto/d'\'''
lt_cv_sys_global_symbol_to_c_name_address='sed -n -e '\''s/^: \(.*\) .*$/  {"\1", (void *) 0},/p'\'' -e '\''s/^[BCDEGRST][BCDEGRST]* .* \(.*\)$/  {"\1", (void *) \&\1},/p'\'''
lt_cv_sys_global_symbol_to_c_name_address_lib_prefix='sed -n -e '\''s/^: \(.*\) .*$/  {"\1", (void *) 0},/p'\'' -e '\''s/^[BCDEGRST][BCDEGRST]* .* \(lib.*\)$/  {"\1", (void *) \&\1},/p'\'' -e '\''s/^[BCDEGRST][BCDEGRST]* .* \(.*\)$/  {"lib\1", (void *) \&\1},/p'\'''
lt_cv_sys_global_symbol_to_cdecl='sed -n -e '\''s/^T .* \(.*\)$/extern int \1();/p'\'' -e '\''s/^[BCDEGRST][BCDEGRST]* .* \(.*\)$/extern char \1;/p'\'''
lt_cv_sys_global_symbol_to_import=
lt_cv_sys_max_cmd_len=786432
lt_cv_to_host_file_cmd=func_convert_file_noop
lt_cv_to_tool_file_cmd=func_convert_file_noop
lt_cv_truncate_bin='/bin/dd bs=4096 count=1'

## ----------------- ##
## Output variables. ##
## ----------------- ##

ACLOCAL='${SHELL} /Users/AminKolah/sfw/bigsur/ibamr/source/IBAMR/config/missing aclocal-1.16'
AMDEPBACKSLASH='\'
AMDEP_FALSE='#'
AMDEP_TRUE=''
AMTAR='$${TAR-tar}'
AM_BACKSLASH='\'
AM_DEFAULT_V='$(AM_DEFAULT_VERBOSITY)'
AM_DEFAULT_VERBOSITY='0'
AM_V='$(V)'
AR='ar'
AUTOCONF='${SHELL} /Users/AminKolah/sfw/bigsur/ibamr/source/IBAMR/config/missing autoconf'
AUTOHEADER='${SHELL} /Users/AminKolah/sfw/bigsur/ibamr/source/IBAMR/config/missing autoheader'
AUTOMAKE='${SHELL} /Users/AminKolah/sfw/bigsur/ibamr/source/IBAMR/config/missing automake-1.16'
AWK='gawk'
BOOST_CPPFLAGS=''
BOOST_ROOT=''
CC='gcc'
CCDEPMODE='depmode=gcc3'
CFLAGS=' -g -O2'
CPP='gcc -E'
CPPFLAGS='    -I/Users/AminKolah/sfw/bigsur/petsc/3.13.4/include -I/Users/AminKolah/sfw/bigsur/petsc/3.13.4/bigsur-opt/include '
CXX='g++'
CXXCPP='g++ -E'
CXXDEPMODE='depmode=gcc3'
CXXFLAGS=' -g -O2 -std=gnu++11'
CYGPATH_W='echo'
DEFS=''
DEPDIR='.deps'
DISTCHECK_CONFIGURE_FLAGS=' '\''--with-boost='\'''
DLLTOOL='false'
DSYMUTIL='dsymutil'
DUMPBIN=''
ECHO_C='\c'
ECHO_N=''
ECHO_T=''
EGREP='/usr/bin/grep -E'
EXEEXT=''
F77='gfortran'
FC='gfortran'
FCFLAGS=' -g -O2'
FCFLAGS_f=''
FCLIBS='  -L/usr/local/Cellar/gcc/10.2.0_4/lib/gcc/10/gcc/x86_64-apple-darwin20/10.2.0 -L/usr/local/Cellar/gcc/10.2.0_4/lib/gcc/10/gcc/x86_64-apple-darwin20/10.2.0/../../.. -lgfortran -lquadmath -lm'
FFLAGS='-g -O2'
FGREP='/usr/bin/grep -F'
FLIBS=' -L/usr/local/Cellar/gcc/10.2.0_4/lib/gcc/10/gcc/x86_64-apple-darwin20/10.2.0 -L/usr/local/Cellar/gcc/10.2.0_4/lib/gcc/10/gcc/x86_64-apple-darwin20/10.2.0/../../.. -lgfortran -lquadmath -lm'
GREP='/usr/bin/grep'
GSL_ENABLED_FALSE=''
GSL_ENABLED_TRUE='#'
HAVE_CXX11='1'
HAVE_LIBGSL=''
HAVE_LIBGSLCBLAS=''
HAVE_LIBMESH_DBG=''
HAVE_LIBMESH_DEVEL=''
HAVE_LIBMESH_OPROF=''
HAVE_LIBMESH_OPT=''
HAVE_LIBMESH_PROF=''
HAVE_LIBMUPARSER=''
HAVE_LIBSAMRAI2D_ALGS=''
HAVE_LIBSAMRAI2D_APPU=''
HAVE_LIBSAMRAI2D_GEOM=''
HAVE_LIBSAMRAI2D_HIER=''
HAVE_LIBSAMRAI2D_MATH_STD=''
HAVE_LIBSAMRAI2D_MESH=''
HAVE_LIBSAMRAI2D_PDAT_STD=''
HAVE_LIBSAMRAI2D_SOLV=''
HAVE_LIBSAMRAI2D_XFER=''
HAVE_LIBSAMRAI3D_ALGS=''
HAVE_LIBSAMRAI3D_APPU=''
HAVE_LIBSAMRAI3D_GEOM=''
HAVE_LIBSAMRAI3D_HIER=''
HAVE_LIBSAMRAI3D_MATH_STD=''
HAVE_LIBSAMRAI3D_MESH=''
HAVE_LIBSAMRAI3D_PDAT_STD=''
HAVE_LIBSAMRAI3D_SOLV=''
HAVE_LIBSAMRAI3D_XFER=''
HAVE_LIBSAMRAI=''
INSTALL_DATA='${INSTALL} -m 644'
INSTALL_PROGRAM='${INSTALL}'
INSTALL_SCRIPT='${INSTALL}'
INSTALL_STRIP_PROGRAM='$(install_sh) -c -s'
LD='/Applications/Xcode.app/Contents/Developer/Toolchains/XcodeDefault.xctoolchain/usr/bin/ld'
LDFLAGS='    -L/Users/AminKolah/sfw/bigsur/petsc/3.13.4/bigsur-opt/lib '
LIBGSL=''
LIBGSLCBLAS=''
LIBGSLCBLAS_PREFIX=''
LIBGSL_PREFIX=''
LIBMESH_CONFIG=''
LIBMESH_DBG=''
LIBMESH_DBG_PREFIX=''
LIBMESH_DEVEL=''
LIBMESH_DEVEL_PREFIX=''
LIBMESH_ENABLED_FALSE=''
LIBMESH_ENABLED_TRUE='#'
LIBMESH_OPROF=''
LIBMESH_OPROF_PREFIX=''
LIBMESH_OPT=''
LIBMESH_OPT_PREFIX=''
LIBMESH_PROF=''
LIBMESH_PROF_PREFIX=''
LIBMUPARSER=''
LIBMUPARSER_PREFIX=''
LIBOBJS=''
LIBS='-lz -lhdf5  -lpetsc -Wl,-rpath,/Users/AminKolah/sfw/bigsur/petsc/3.13.4/bigsur-opt/lib -L/Users/AminKolah/sfw/bigsur/petsc/3.13.4/bigsur-opt/lib -Wl,-rpath,/usr/local/Cellar/mpich/3.4.1_1/lib -L/usr/local/Cellar/mpich/3.4.1_1/lib -Wl,-rpath,/usr/local/lib -L/usr/local/lib -Wl,-rpath,/usr/local/Cellar/gcc/10.2.0_4/lib/gcc/10/gcc/x86_64-apple-darwin20/10.2.0 -L/usr/local/Cellar/gcc/10.2.0_4/lib/gcc/10/gcc/x86_64-apple-darwin20/10.2.0 -Wl,-rpath,/usr/local/Cellar/gcc/10.2.0_4/lib/gcc/10 -L/usr/local/Cellar/gcc/10.2.0_4/lib/gcc/10 -lHYPRE -llapack -lblas -lc++ -ldl -lmpifort -lmpi -lpmpi -lgfortran -lquadmath -lm -lc++ -ldl -lmpi '
LIBSAMRAI2D_ALGS=''
LIBSAMRAI2D_ALGS_PREFIX=''
LIBSAMRAI2D_APPU=''
LIBSAMRAI2D_APPU_PREFIX=''
LIBSAMRAI2D_GEOM=''
LIBSAMRAI2D_GEOM_PREFIX=''
LIBSAMRAI2D_HIER=''
LIBSAMRAI2D_HIER_PREFIX=''
LIBSAMRAI2D_MATH_STD=''
LIBSAMRAI2D_MATH_STD_PREFIX=''
LIBSAMRAI2D_MESH=''
LIBSAMRAI2D_MESH_PREFIX=''
LIBSAMRAI2D_PDAT_STD=''
LIBSAMRAI2D_PDAT_STD_PREFIX=''
LIBSAMRAI2D_SOLV=''
LIBSAMRAI2D_SOLV_PREFIX=''
LIBSAMRAI2D_XFER=''
LIBSAMRAI2D_XFER_PREFIX=''
LIBSAMRAI3D_ALGS=''
LIBSAMRAI3D_ALGS_PREFIX=''
LIBSAMRAI3D_APPU=''
LIBSAMRAI3D_APPU_PREFIX=''
LIBSAMRAI3D_GEOM=''
LIBSAMRAI3D_GEOM_PREFIX=''
LIBSAMRAI3D_HIER=''
LIBSAMRAI3D_HIER_PREFIX=''
LIBSAMRAI3D_MATH_STD=''
LIBSAMRAI3D_MATH_STD_PREFIX=''
LIBSAMRAI3D_MESH=''
LIBSAMRAI3D_MESH_PREFIX=''
LIBSAMRAI3D_PDAT_STD=''
LIBSAMRAI3D_PDAT_STD_PREFIX=''
LIBSAMRAI3D_SOLV=''
LIBSAMRAI3D_SOLV_PREFIX=''
LIBSAMRAI3D_XFER=''
LIBSAMRAI3D_XFER_PREFIX=''
LIBSAMRAI=''
LIBSAMRAI_PREFIX=''
LIBTOOL='$(SHELL) $(top_builddir)/libtool'
LIPO='lipo'
LN_S='ln -s'
LTLIBGSL=''
LTLIBGSLCBLAS=''
LTLIBMESH_DBG=''
LTLIBMESH_DEVEL=''
LTLIBMESH_OPROF=''
LTLIBMESH_OPT=''
LTLIBMESH_PROF=''
LTLIBMUPARSER=''
LTLIBOBJS=''
LTLIBSAMRAI2D_ALGS=''
LTLIBSAMRAI2D_APPU=''
LTLIBSAMRAI2D_GEOM=''
LTLIBSAMRAI2D_HIER=''
LTLIBSAMRAI2D_MATH_STD=''
LTLIBSAMRAI2D_MESH=''
LTLIBSAMRAI2D_PDAT_STD=''
LTLIBSAMRAI2D_SOLV=''
LTLIBSAMRAI2D_XFER=''
LTLIBSAMRAI3D_ALGS=''
LTLIBSAMRAI3D_APPU=''
LTLIBSAMRAI3D_GEOM=''
LTLIBSAMRAI3D_HIER=''
LTLIBSAMRAI3D_MATH_STD=''
LTLIBSAMRAI3D_MESH=''
LTLIBSAMRAI3D_PDAT_STD=''
LTLIBSAMRAI3D_SOLV=''
LTLIBSAMRAI3D_XFER=''
LTLIBSAMRAI=''
LT_SYS_LIBRARY_PATH=''
M4='gm4'
MAINT='#'
MAINTAINER_MODE_FALSE=''
MAINTAINER_MODE_TRUE='#'
MAKEINFO='${SHELL} /Users/AminKolah/sfw/bigsur/ibamr/source/IBAMR/config/missing makeinfo'
MANIFEST_TOOL=':'
MKDIR_P='config/install-sh -c -d'
MPICC=''
MPICXX=''
MPIEXEC=''
NM='/usr/bin/nm -B'
NMEDIT='nmedit'
NUMDIFF=''
OBJDUMP='objdump'
OBJEXT='o'
OTOOL64=':'
OTOOL='otool'
PACKAGE='IBAMR'
PACKAGE_BUGREPORT='boyceg@gmail.com'
PACKAGE_CONTRIB_LIBS=''
PACKAGE_CPPFLAGS='-I/Users/AminKolah/sfw/bigsur/ibamr/source/IBAMR/ibtk/contrib/muparser/include -I/Users/AminKolah/sfw/bigsur/ibamr/source/IBAMR/ibtk/contrib/eigen  '
PACKAGE_LDFLAGS=''
PACKAGE_LIBS=''
PACKAGE_NAME='IBAMR'
PACKAGE_STRING='IBAMR 171104'
PACKAGE_TARNAME='IBAMR'
PACKAGE_URL='https://ibamr.github.io'
PACKAGE_VERSION='171104'
PATH_SEPARATOR=':'
PETSC_ARCH='bigsur-opt'
PETSC_DIR='/Users/AminKolah/sfw/bigsur/petsc/3.13.4'
RANLIB='ranlib'
SAMRAI2D_ENABLED_FALSE=''
SAMRAI2D_ENABLED_TRUE=''
SAMRAI3D_ENABLED_FALSE=''
SAMRAI3D_ENABLED_TRUE=''
SAMRAI_DIR=''
SAMRAI_FORTDIR=''
SED='/usr/bin/sed'
SET_MAKE=''
SHELL='/bin/sh'
SILO_ENABLED_FALSE='#'
SILO_ENABLED_TRUE=''
STRIP='strip'
USING_BUNDLED_EIGEN_FALSE='#'
USING_BUNDLED_EIGEN_TRUE=''
USING_BUNDLED_MUPARSER_FALSE='#'
USING_BUNDLED_MUPARSER_TRUE=''
VERSION='171104'
ac_ct_AR='ar'
ac_ct_CC='gcc'
ac_ct_CXX='g++'
ac_ct_DUMPBIN=''
ac_ct_FC='gfortran'
am__EXEEXT_FALSE=''
am__EXEEXT_TRUE=''
am__fastdepCC_FALSE='#'
am__fastdepCC_TRUE=''
am__fastdepCXX_FALSE='#'
am__fastdepCXX_TRUE=''
am__include='include'
am__isrc=''
am__leading_dot='.'
am__nodep='_no'
am__quote=''
am__tar='$${TAR-tar} chof - "$$tardir"'
am__untar='$${TAR-tar} xf -'
bindir='${exec_prefix}/bin'
build='x86_64-apple-darwin20.6.0'
build_alias=''
build_cpu='x86_64'
build_os='darwin20.6.0'
build_vendor='apple'
datadir='${datarootdir}'
datarootdir='${prefix}/share'
docdir='${datarootdir}/doc/${PACKAGE_TARNAME}'
dvidir='${docdir}'
exec_prefix='NONE'
host='x86_64-apple-darwin20.6.0'
host_alias=''
host_cpu='x86_64'
host_os='darwin20.6.0'
host_vendor='apple'
htmldir='${docdir}'
includedir='${prefix}/include'
infodir='${datarootdir}/info'
install_sh='${SHELL} /Users/AminKolah/sfw/bigsur/ibamr/source/IBAMR/config/install-sh'
libdir='/lib'
libexecdir='${exec_prefix}/libexec'
localedir='${datarootdir}/locale'
localstatedir='${prefix}/var'
mandir='${datarootdir}/man'
mkdir_p='$(MKDIR_P)'
oldincludedir='/usr/include'
pdfdir='${docdir}'
prefix='NONE'
program_transform_name='s,x,x,'
psdir='${docdir}'
sbindir='${exec_prefix}/sbin'
sharedstatedir='${prefix}/com'
subdirs=''
sysconfdir='${prefix}/etc'
target_alias=''

## ----------- ##
## confdefs.h. ##
## ----------- ##

/* confdefs.h */
#define PACKAGE_NAME "IBAMR"
#define PACKAGE_TARNAME "IBAMR"
#define PACKAGE_VERSION "171104"
#define PACKAGE_STRING "IBAMR 171104"
#define PACKAGE_BUGREPORT "boyceg@gmail.com"
#define PACKAGE_URL "https://ibamr.github.io"
#define PACKAGE "IBAMR"
#define VERSION "171104"
#define HAVE_CXX11 1
#define FC_FUNC(name,NAME) name ## _
#define FC_FUNC_(name,NAME) name ## _
#define HAVE_MPI 1
#define HAVE_MPI 1
#define STDC_HEADERS 1
#define HAVE_SYS_TYPES_H 1
#define HAVE_SYS_STAT_H 1
#define HAVE_STDLIB_H 1
#define HAVE_STRING_H 1
#define HAVE_MEMORY_H 1
#define HAVE_STRINGS_H 1
#define HAVE_INTTYPES_H 1
#define HAVE_STDINT_H 1
#define HAVE_UNISTD_H 1
#define STDC_HEADERS 1
#define HAVE_DLFCN_H 1
#define LT_OBJDIR ".libs/"
#define HAVE_BUILTIN_EXPECT 1
#define HAVE_BUILTIN_PREFETCH 1
#define VERSION_MAJOR 0.9.0-pre
#define VERSION_MINOR 0.9.0-pre
#define VERSION_SUBMINOR 0.9.0-pre
#define HAVE_BOOST 1
#define HAVE_LIBPETSC 1
#define HAVE_LIBHDF5 1
#define HAVE_LIBMUPARSER 1

configure: exit 1
